[0.056s] Invoking command in '/home/erdem/control_ws/build/ros2_control_demo_example_4': AMENT_PREFIX_PATH=/home/erdem/control_ws/install/ros2_control_demo_description:${AMENT_PREFIX_PATH} CMAKE_PREFIX_PATH=/home/erdem/control_ws/install/ros2_control_demo_description:/opt/ros/humble /usr/bin/cmake --build /home/erdem/control_ws/build/ros2_control_demo_example_4 -- -j4 -l4
[0.163s] [35m[1mConsolidate compiler generated dependencies of target ros2_control_demo_example_4[0m
[0.200s] [100%] Built target ros2_control_demo_example_4
[0.236s] Invoked command in '/home/erdem/control_ws/build/ros2_control_demo_example_4' returned '0': AMENT_PREFIX_PATH=/home/erdem/control_ws/install/ros2_control_demo_description:${AMENT_PREFIX_PATH} CMAKE_PREFIX_PATH=/home/erdem/control_ws/install/ros2_control_demo_description:/opt/ros/humble /usr/bin/cmake --build /home/erdem/control_ws/build/ros2_control_demo_example_4 -- -j4 -l4
[0.306s] Invoking command in '/home/erdem/control_ws/build/ros2_control_demo_example_4': AMENT_PREFIX_PATH=/home/erdem/control_ws/install/ros2_control_demo_description:${AMENT_PREFIX_PATH} CMAKE_PREFIX_PATH=/home/erdem/control_ws/install/ros2_control_demo_description:/opt/ros/humble /usr/bin/cmake --install /home/erdem/control_ws/build/ros2_control_demo_example_4
[0.329s] -- Install configuration: ""
[0.333s] -- Execute custom install script
[0.333s] -- Up-to-date symlink: /home/erdem/control_ws/install/ros2_control_demo_example_4/share/ros2_control_demo_example_4//ros2_control_demo_example_4.xml
[0.372s] -- Up-to-date symlink: /home/erdem/control_ws/install/ros2_control_demo_example_4/include/ros2_control_demo_example_4/ros2_control_demo_example_4/rrbot_system_with_sensor.hpp
[0.373s] -- Up-to-date symlink: /home/erdem/control_ws/install/ros2_control_demo_example_4/include/ros2_control_demo_example_4/ros2_control_demo_example_4/visibility_control.h
[0.373s] -- Up-to-date symlink: /home/erdem/control_ws/install/ros2_control_demo_example_4/share/ros2_control_demo_example_4/launch/view_robot.launch.py
[0.373s] -- Up-to-date symlink: /home/erdem/control_ws/install/ros2_control_demo_example_4/share/ros2_control_demo_example_4/ros2_control/rrbot_system_with_sensor.ros2_control.xacro
[0.373s] -- Up-to-date symlink: /home/erdem/control_ws/install/ros2_control_demo_example_4/share/ros2_control_demo_example_4/urdf/rrbot_system_with_sensor.urdf.xacro
[0.373s] -- Up-to-date symlink: /home/erdem/control_ws/install/ros2_control_demo_example_4/share/ros2_control_demo_example_4/rviz/rrbot.rviz
[0.373s] -- Up-to-date symlink: /home/erdem/control_ws/install/ros2_control_demo_example_4/share/ros2_control_demo_example_4/launch/rrbot_system_with_sensor.launch.py
[0.374s] -- Up-to-date symlink: /home/erdem/control_ws/install/ros2_control_demo_example_4/share/ros2_control_demo_example_4/launch/test_forward_position_controller.launch.py
[0.374s] -- Up-to-date symlink: /home/erdem/control_ws/install/ros2_control_demo_example_4/share/ros2_control_demo_example_4/config/rrbot_forward_position_publisher.yaml
[0.385s] -- Up-to-date symlink: /home/erdem/control_ws/install/ros2_control_demo_example_4/share/ros2_control_demo_example_4/config/rrbot_with_sensor_controllers.yaml
[0.385s] -- Up-to-date symlink: /home/erdem/control_ws/install/ros2_control_demo_example_4/share/ros2_control_demo_example_4/environment/library_path.sh
[0.386s] -- Up-to-date symlink: /home/erdem/control_ws/install/ros2_control_demo_example_4/share/ros2_control_demo_example_4/environment/library_path.dsv
[0.386s] -- Up-to-date symlink: /home/erdem/control_ws/install/ros2_control_demo_example_4/share/ament_index/resource_index/package_run_dependencies/ros2_control_demo_example_4
[0.394s] -- Up-to-date symlink: /home/erdem/control_ws/install/ros2_control_demo_example_4/share/ament_index/resource_index/parent_prefix_path/ros2_control_demo_example_4
[0.394s] -- Up-to-date symlink: /home/erdem/control_ws/install/ros2_control_demo_example_4/share/ros2_control_demo_example_4/environment/ament_prefix_path.sh
[0.394s] -- Up-to-date symlink: /home/erdem/control_ws/install/ros2_control_demo_example_4/share/ros2_control_demo_example_4/environment/ament_prefix_path.dsv
[0.394s] -- Up-to-date symlink: /home/erdem/control_ws/install/ros2_control_demo_example_4/share/ros2_control_demo_example_4/environment/path.sh
[0.394s] -- Up-to-date symlink: /home/erdem/control_ws/install/ros2_control_demo_example_4/share/ros2_control_demo_example_4/environment/path.dsv
[0.394s] -- Up-to-date symlink: /home/erdem/control_ws/install/ros2_control_demo_example_4/share/ros2_control_demo_example_4/local_setup.bash
[0.395s] -- Up-to-date symlink: /home/erdem/control_ws/install/ros2_control_demo_example_4/share/ros2_control_demo_example_4/local_setup.sh
[0.395s] -- Up-to-date symlink: /home/erdem/control_ws/install/ros2_control_demo_example_4/share/ros2_control_demo_example_4/local_setup.zsh
[0.395s] -- Up-to-date symlink: /home/erdem/control_ws/install/ros2_control_demo_example_4/share/ros2_control_demo_example_4/local_setup.dsv
[0.395s] -- Symlinking: /home/erdem/control_ws/install/ros2_control_demo_example_4/share/ros2_control_demo_example_4/package.dsv
[0.432s] -- Up-to-date symlink: /home/erdem/control_ws/install/ros2_control_demo_example_4/share/ament_index/resource_index/packages/ros2_control_demo_example_4
[0.432s] -- Up-to-date symlink: /home/erdem/control_ws/install/ros2_control_demo_example_4/share/ament_index/resource_index/hardware_interface__pluginlib__plugin/ros2_control_demo_example_4
[0.432s] -- Up-to-date symlink: /home/erdem/control_ws/install/ros2_control_demo_example_4/share/ros2_control_demo_example_4/cmake/ament_cmake_export_targets-extras.cmake
[0.432s] -- Up-to-date symlink: /home/erdem/control_ws/install/ros2_control_demo_example_4/share/ros2_control_demo_example_4/cmake/ament_cmake_export_dependencies-extras.cmake
[0.433s] -- Up-to-date symlink: /home/erdem/control_ws/install/ros2_control_demo_example_4/share/ros2_control_demo_example_4/cmake/ros2_control_demo_example_4Config.cmake
[0.433s] -- Up-to-date symlink: /home/erdem/control_ws/install/ros2_control_demo_example_4/share/ros2_control_demo_example_4/cmake/ros2_control_demo_example_4Config-version.cmake
[0.433s] -- Up-to-date symlink: /home/erdem/control_ws/install/ros2_control_demo_example_4/share/ros2_control_demo_example_4/package.xml
[0.433s] -- Up-to-date: /home/erdem/control_ws/install/ros2_control_demo_example_4/lib/libros2_control_demo_example_4.so
[0.433s] -- Up-to-date: /home/erdem/control_ws/install/ros2_control_demo_example_4/share/ros2_control_demo_example_4/cmake/export_ros2_control_demo_example_4Export.cmake
[0.433s] -- Up-to-date: /home/erdem/control_ws/install/ros2_control_demo_example_4/share/ros2_control_demo_example_4/cmake/export_ros2_control_demo_example_4Export-noconfig.cmake
[0.488s] Invoked command in '/home/erdem/control_ws/build/ros2_control_demo_example_4' returned '0': AMENT_PREFIX_PATH=/home/erdem/control_ws/install/ros2_control_demo_description:${AMENT_PREFIX_PATH} CMAKE_PREFIX_PATH=/home/erdem/control_ws/install/ros2_control_demo_description:/opt/ros/humble /usr/bin/cmake --install /home/erdem/control_ws/build/ros2_control_demo_example_4
