[0.018s] Invoking command in '/home/erdem/control_ws/build/ros2_control_demo_example_8': AMENT_PREFIX_PATH=/home/erdem/control_ws/install/ros2_control_demo_description:${AMENT_PREFIX_PATH} CMAKE_PREFIX_PATH=/home/erdem/control_ws/install/ros2_control_demo_description:/opt/ros/humble /usr/bin/cmake /home/erdem/control_ws/src/example_8 -DAMENT_CMAKE_SYMLINK_INSTALL=1 -DCMAKE_INSTALL_PREFIX=/home/erdem/control_ws/install/ros2_control_demo_example_8
[0.157s] -- The CXX compiler identification is GNU 11.4.0
[0.169s] -- Detecting CXX compiler ABI info
[0.321s] -- Detecting CXX compiler ABI info - done
[0.340s] -- Check for working CXX compiler: /usr/bin/c++ - skipped
[0.341s] -- Detecting CXX compile features
[0.342s] -- Detecting CXX compile features - done
[0.346s] -- Found ament_cmake: 1.3.5 (/opt/ros/humble/share/ament_cmake/cmake)
[0.701s] -- Found Python3: /usr/bin/python3.10 (found version "3.10.12") found components: Interpreter 
[0.823s] -- Override CMake install command with custom implementation using symlinks instead of copying resources
[0.868s] -- Found hardware_interface: 2.30.0 (/opt/ros/humble/share/hardware_interface/cmake)
[0.945s] -- Found rosidl_generator_c: 3.1.5 (/opt/ros/humble/share/rosidl_generator_c/cmake)
[0.955s] -- Found rosidl_adapter: 3.1.5 (/opt/ros/humble/share/rosidl_adapter/cmake)
[0.971s] -- Found rosidl_generator_cpp: 3.1.5 (/opt/ros/humble/share/rosidl_generator_cpp/cmake)
[1.000s] -- Using all available rosidl_typesupport_c: rosidl_typesupport_fastrtps_c;rosidl_typesupport_introspection_c
[1.041s] -- Using all available rosidl_typesupport_cpp: rosidl_typesupport_fastrtps_cpp;rosidl_typesupport_introspection_cpp
[2.693s] -- Found rmw_implementation_cmake: 6.1.1 (/opt/ros/humble/share/rmw_implementation_cmake/cmake)
[2.698s] -- Found rmw_fastrtps_cpp: 6.2.3 (/opt/ros/humble/share/rmw_fastrtps_cpp/cmake)
[2.901s] -- Found OpenSSL: /usr/lib/x86_64-linux-gnu/libcrypto.so (found version "3.0.2")  
[2.960s] -- Found FastRTPS: /opt/ros/humble/include  
[3.063s] -- Using RMW implementation 'rmw_fastrtps_cpp' as default
[3.082s] -- Looking for C++ include pthread.h
[3.243s] -- Looking for C++ include pthread.h - found
[3.244s] -- Performing Test CMAKE_HAVE_LIBC_PTHREAD
[3.397s] -- Performing Test CMAKE_HAVE_LIBC_PTHREAD - Success
[3.399s] -- Found Threads: TRUE  
[3.776s] -- Found transmission_interface: 2.30.0 (/opt/ros/humble/share/transmission_interface/cmake)
[4.218s] -- Found ament_cmake_gtest: 1.3.5 (/opt/ros/humble/share/ament_cmake_gtest/cmake)
[4.365s] -- Configuring done
[4.444s] -- Generating done
[4.448s] -- Build files have been written to: /home/erdem/control_ws/build/ros2_control_demo_example_8
[4.467s] Invoked command in '/home/erdem/control_ws/build/ros2_control_demo_example_8' returned '0': AMENT_PREFIX_PATH=/home/erdem/control_ws/install/ros2_control_demo_description:${AMENT_PREFIX_PATH} CMAKE_PREFIX_PATH=/home/erdem/control_ws/install/ros2_control_demo_description:/opt/ros/humble /usr/bin/cmake /home/erdem/control_ws/src/example_8 -DAMENT_CMAKE_SYMLINK_INSTALL=1 -DCMAKE_INSTALL_PREFIX=/home/erdem/control_ws/install/ros2_control_demo_example_8
[4.468s] Invoking command in '/home/erdem/control_ws/build/ros2_control_demo_example_8': AMENT_PREFIX_PATH=/home/erdem/control_ws/install/ros2_control_demo_description:${AMENT_PREFIX_PATH} CMAKE_PREFIX_PATH=/home/erdem/control_ws/install/ros2_control_demo_description:/opt/ros/humble /usr/bin/cmake --build /home/erdem/control_ws/build/ros2_control_demo_example_8 -- -j4 -l4
[4.565s] [ 50%] [32mBuilding CXX object CMakeFiles/ros2_control_demo_example_8.dir/hardware/rrbot_transmissions_system_position_only.cpp.o[0m
[9.207s] [100%] [32m[1mLinking CXX shared library libros2_control_demo_example_8.so[0m
[9.720s] [100%] Built target ros2_control_demo_example_8
[9.770s] Invoked command in '/home/erdem/control_ws/build/ros2_control_demo_example_8' returned '0': AMENT_PREFIX_PATH=/home/erdem/control_ws/install/ros2_control_demo_description:${AMENT_PREFIX_PATH} CMAKE_PREFIX_PATH=/home/erdem/control_ws/install/ros2_control_demo_description:/opt/ros/humble /usr/bin/cmake --build /home/erdem/control_ws/build/ros2_control_demo_example_8 -- -j4 -l4
[10.091s] Invoking command in '/home/erdem/control_ws/build/ros2_control_demo_example_8': AMENT_PREFIX_PATH=/home/erdem/control_ws/install/ros2_control_demo_description:${AMENT_PREFIX_PATH} CMAKE_PREFIX_PATH=/home/erdem/control_ws/install/ros2_control_demo_description:/opt/ros/humble /usr/bin/cmake --install /home/erdem/control_ws/build/ros2_control_demo_example_8
[10.115s] -- Install configuration: ""
[10.116s] -- Execute custom install script
[10.116s] -- Symlinking: /home/erdem/control_ws/install/ros2_control_demo_example_8/share/ros2_control_demo_example_8//ros2_control_demo_example_8.xml
[10.156s] -- Symlinking: /home/erdem/control_ws/install/ros2_control_demo_example_8/include/ros2_control_demo_example_8/ros2_control_demo_example_8/rrbot.hpp
[10.200s] -- Symlinking: /home/erdem/control_ws/install/ros2_control_demo_example_8/include/ros2_control_demo_example_8/ros2_control_demo_example_8/rrbot_transmissions_system_position_only.hpp
[10.241s] -- Symlinking: /home/erdem/control_ws/install/ros2_control_demo_example_8/include/ros2_control_demo_example_8/ros2_control_demo_example_8/visibility_control.h
[10.281s] -- Symlinking: /home/erdem/control_ws/install/ros2_control_demo_example_8/share/ros2_control_demo_example_8/launch/view_robot.launch.py
[10.313s] -- Symlinking: /home/erdem/control_ws/install/ros2_control_demo_example_8/share/ros2_control_demo_example_8/ros2_control/rrbot_transmissions_system_position_only.ros2_control.xacro
[10.353s] -- Symlinking: /home/erdem/control_ws/install/ros2_control_demo_example_8/share/ros2_control_demo_example_8/urdf/rrbot_transmissions_system_position_only.urdf.xacro
[10.393s] -- Symlinking: /home/erdem/control_ws/install/ros2_control_demo_example_8/share/ros2_control_demo_example_8/launch/rrbot_transmissions_system_position_only.launch.py
[10.437s] -- Symlinking: /home/erdem/control_ws/install/ros2_control_demo_example_8/share/ros2_control_demo_example_8/launch/test_forward_position_controller.launch.py
[10.477s] -- Symlinking: /home/erdem/control_ws/install/ros2_control_demo_example_8/share/ros2_control_demo_example_8/config/rrbot_controllers.yaml
[10.516s] -- Symlinking: /home/erdem/control_ws/install/ros2_control_demo_example_8/share/ros2_control_demo_example_8/config/rrbot_forward_position_publisher.yaml
[10.561s] -- Symlinking: /home/erdem/control_ws/install/ros2_control_demo_example_8/share/ros2_control_demo_example_8/environment/library_path.sh
[10.609s] -- Symlinking: /home/erdem/control_ws/install/ros2_control_demo_example_8/share/ros2_control_demo_example_8/environment/library_path.dsv
[10.649s] -- Symlinking: /home/erdem/control_ws/install/ros2_control_demo_example_8/share/ament_index/resource_index/package_run_dependencies/ros2_control_demo_example_8
[10.697s] -- Symlinking: /home/erdem/control_ws/install/ros2_control_demo_example_8/share/ament_index/resource_index/parent_prefix_path/ros2_control_demo_example_8
[10.729s] -- Symlinking: /home/erdem/control_ws/install/ros2_control_demo_example_8/share/ros2_control_demo_example_8/environment/ament_prefix_path.sh
[10.773s] -- Symlinking: /home/erdem/control_ws/install/ros2_control_demo_example_8/share/ros2_control_demo_example_8/environment/ament_prefix_path.dsv
[10.821s] -- Symlinking: /home/erdem/control_ws/install/ros2_control_demo_example_8/share/ros2_control_demo_example_8/environment/path.sh
[10.869s] -- Symlinking: /home/erdem/control_ws/install/ros2_control_demo_example_8/share/ros2_control_demo_example_8/environment/path.dsv
[10.913s] -- Symlinking: /home/erdem/control_ws/install/ros2_control_demo_example_8/share/ros2_control_demo_example_8/local_setup.bash
[10.953s] -- Symlinking: /home/erdem/control_ws/install/ros2_control_demo_example_8/share/ros2_control_demo_example_8/local_setup.sh
[11.009s] -- Symlinking: /home/erdem/control_ws/install/ros2_control_demo_example_8/share/ros2_control_demo_example_8/local_setup.zsh
[11.038s] -- Symlinking: /home/erdem/control_ws/install/ros2_control_demo_example_8/share/ros2_control_demo_example_8/local_setup.dsv
[11.085s] -- Symlinking: /home/erdem/control_ws/install/ros2_control_demo_example_8/share/ros2_control_demo_example_8/package.dsv
[11.126s] -- Symlinking: /home/erdem/control_ws/install/ros2_control_demo_example_8/share/ament_index/resource_index/packages/ros2_control_demo_example_8
[11.161s] -- Symlinking: /home/erdem/control_ws/install/ros2_control_demo_example_8/share/ament_index/resource_index/hardware_interface__pluginlib__plugin/ros2_control_demo_example_8
[11.201s] -- Symlinking: /home/erdem/control_ws/install/ros2_control_demo_example_8/share/ros2_control_demo_example_8/cmake/ament_cmake_export_targets-extras.cmake
[11.235s] -- Symlinking: /home/erdem/control_ws/install/ros2_control_demo_example_8/share/ros2_control_demo_example_8/cmake/ament_cmake_export_dependencies-extras.cmake
[11.273s] -- Symlinking: /home/erdem/control_ws/install/ros2_control_demo_example_8/share/ros2_control_demo_example_8/cmake/ros2_control_demo_example_8Config.cmake
[11.309s] -- Symlinking: /home/erdem/control_ws/install/ros2_control_demo_example_8/share/ros2_control_demo_example_8/cmake/ros2_control_demo_example_8Config-version.cmake
[11.350s] -- Symlinking: /home/erdem/control_ws/install/ros2_control_demo_example_8/share/ros2_control_demo_example_8/package.xml
[11.385s] -- Installing: /home/erdem/control_ws/install/ros2_control_demo_example_8/lib/libros2_control_demo_example_8.so
[11.387s] -- Set runtime path of "/home/erdem/control_ws/install/ros2_control_demo_example_8/lib/libros2_control_demo_example_8.so" to ""
[11.388s] -- Installing: /home/erdem/control_ws/install/ros2_control_demo_example_8/share/ros2_control_demo_example_8/cmake/export_ros2_control_demo_example_8Export.cmake
[11.388s] -- Installing: /home/erdem/control_ws/install/ros2_control_demo_example_8/share/ros2_control_demo_example_8/cmake/export_ros2_control_demo_example_8Export-noconfig.cmake
[11.391s] Invoked command in '/home/erdem/control_ws/build/ros2_control_demo_example_8' returned '0': AMENT_PREFIX_PATH=/home/erdem/control_ws/install/ros2_control_demo_description:${AMENT_PREFIX_PATH} CMAKE_PREFIX_PATH=/home/erdem/control_ws/install/ros2_control_demo_description:/opt/ros/humble /usr/bin/cmake --install /home/erdem/control_ws/build/ros2_control_demo_example_8
