[0.025s] Invoking command in '/home/erdem/control_ws/build/ros2_control_demo_example_4': AMENT_PREFIX_PATH=/home/erdem/control_ws/install/ros2_control_demo_description:${AMENT_PREFIX_PATH} CMAKE_PREFIX_PATH=/home/erdem/control_ws/install/ros2_control_demo_description:/opt/ros/humble /usr/bin/cmake /home/erdem/control_ws/src/example_4 -DAMENT_CMAKE_SYMLINK_INSTALL=1 -DCMAKE_INSTALL_PREFIX=/home/erdem/control_ws/install/ros2_control_demo_example_4
[0.163s] -- The CXX compiler identification is GNU 11.4.0
[0.177s] -- Detecting CXX compiler ABI info
[0.337s] -- Detecting CXX compiler ABI info - done
[0.344s] -- Check for working CXX compiler: /usr/bin/c++ - skipped
[0.345s] -- Detecting CXX compile features
[0.346s] -- Detecting CXX compile features - done
[0.350s] -- Found ament_cmake: 1.3.5 (/opt/ros/humble/share/ament_cmake/cmake)
[0.691s] -- Found Python3: /usr/bin/python3.10 (found version "3.10.12") found components: Interpreter 
[0.811s] -- Override CMake install command with custom implementation using symlinks instead of copying resources
[0.855s] -- Found hardware_interface: 2.30.0 (/opt/ros/humble/share/hardware_interface/cmake)
[0.934s] -- Found rosidl_generator_c: 3.1.5 (/opt/ros/humble/share/rosidl_generator_c/cmake)
[0.943s] -- Found rosidl_adapter: 3.1.5 (/opt/ros/humble/share/rosidl_adapter/cmake)
[0.960s] -- Found rosidl_generator_cpp: 3.1.5 (/opt/ros/humble/share/rosidl_generator_cpp/cmake)
[0.990s] -- Using all available rosidl_typesupport_c: rosidl_typesupport_fastrtps_c;rosidl_typesupport_introspection_c
[1.032s] -- Using all available rosidl_typesupport_cpp: rosidl_typesupport_fastrtps_cpp;rosidl_typesupport_introspection_cpp
[2.563s] -- Found rmw_implementation_cmake: 6.1.1 (/opt/ros/humble/share/rmw_implementation_cmake/cmake)
[2.568s] -- Found rmw_fastrtps_cpp: 6.2.3 (/opt/ros/humble/share/rmw_fastrtps_cpp/cmake)
[2.753s] -- Found OpenSSL: /usr/lib/x86_64-linux-gnu/libcrypto.so (found version "3.0.2")  
[2.811s] -- Found FastRTPS: /opt/ros/humble/include  
[2.917s] -- Using RMW implementation 'rmw_fastrtps_cpp' as default
[2.935s] -- Looking for C++ include pthread.h
[3.099s] -- Looking for C++ include pthread.h - found
[3.099s] -- Performing Test CMAKE_HAVE_LIBC_PTHREAD
[3.264s] -- Performing Test CMAKE_HAVE_LIBC_PTHREAD - Success
[3.266s] -- Found Threads: TRUE  
[3.792s] -- Found ament_cmake_gtest: 1.3.5 (/opt/ros/humble/share/ament_cmake_gtest/cmake)
[3.921s] -- Configuring done
[3.977s] -- Generating done
[3.980s] -- Build files have been written to: /home/erdem/control_ws/build/ros2_control_demo_example_4
[4.000s] Invoked command in '/home/erdem/control_ws/build/ros2_control_demo_example_4' returned '0': AMENT_PREFIX_PATH=/home/erdem/control_ws/install/ros2_control_demo_description:${AMENT_PREFIX_PATH} CMAKE_PREFIX_PATH=/home/erdem/control_ws/install/ros2_control_demo_description:/opt/ros/humble /usr/bin/cmake /home/erdem/control_ws/src/example_4 -DAMENT_CMAKE_SYMLINK_INSTALL=1 -DCMAKE_INSTALL_PREFIX=/home/erdem/control_ws/install/ros2_control_demo_example_4
[4.001s] Invoking command in '/home/erdem/control_ws/build/ros2_control_demo_example_4': AMENT_PREFIX_PATH=/home/erdem/control_ws/install/ros2_control_demo_description:${AMENT_PREFIX_PATH} CMAKE_PREFIX_PATH=/home/erdem/control_ws/install/ros2_control_demo_description:/opt/ros/humble /usr/bin/cmake --build /home/erdem/control_ws/build/ros2_control_demo_example_4 -- -j4 -l4
[4.096s] [ 50%] [32mBuilding CXX object CMakeFiles/ros2_control_demo_example_4.dir/hardware/rrbot_system_with_sensor.cpp.o[0m
[10.963s] [100%] [32m[1mLinking CXX shared library libros2_control_demo_example_4.so[0m
[11.403s] [100%] Built target ros2_control_demo_example_4
[11.426s] Invoked command in '/home/erdem/control_ws/build/ros2_control_demo_example_4' returned '0': AMENT_PREFIX_PATH=/home/erdem/control_ws/install/ros2_control_demo_description:${AMENT_PREFIX_PATH} CMAKE_PREFIX_PATH=/home/erdem/control_ws/install/ros2_control_demo_description:/opt/ros/humble /usr/bin/cmake --build /home/erdem/control_ws/build/ros2_control_demo_example_4 -- -j4 -l4
[11.484s] Invoking command in '/home/erdem/control_ws/build/ros2_control_demo_example_4': AMENT_PREFIX_PATH=/home/erdem/control_ws/install/ros2_control_demo_description:${AMENT_PREFIX_PATH} CMAKE_PREFIX_PATH=/home/erdem/control_ws/install/ros2_control_demo_description:/opt/ros/humble /usr/bin/cmake --install /home/erdem/control_ws/build/ros2_control_demo_example_4
[11.499s] -- Install configuration: ""
[11.499s] -- Execute custom install script
[11.500s] -- Symlinking: /home/erdem/control_ws/install/ros2_control_demo_example_4/share/ros2_control_demo_example_4//ros2_control_demo_example_4.xml
[11.515s] -- Symlinking: /home/erdem/control_ws/install/ros2_control_demo_example_4/include/ros2_control_demo_example_4/ros2_control_demo_example_4/rrbot_system_with_sensor.hpp
[11.529s] -- Symlinking: /home/erdem/control_ws/install/ros2_control_demo_example_4/include/ros2_control_demo_example_4/ros2_control_demo_example_4/visibility_control.h
[11.546s] -- Symlinking: /home/erdem/control_ws/install/ros2_control_demo_example_4/share/ros2_control_demo_example_4/launch/view_robot.launch.py
[11.563s] -- Symlinking: /home/erdem/control_ws/install/ros2_control_demo_example_4/share/ros2_control_demo_example_4/ros2_control/rrbot_system_with_sensor.ros2_control.xacro
[11.579s] -- Symlinking: /home/erdem/control_ws/install/ros2_control_demo_example_4/share/ros2_control_demo_example_4/urdf/rrbot_system_with_sensor.urdf.xacro
[11.597s] -- Symlinking: /home/erdem/control_ws/install/ros2_control_demo_example_4/share/ros2_control_demo_example_4/rviz/rrbot.rviz
[11.612s] -- Symlinking: /home/erdem/control_ws/install/ros2_control_demo_example_4/share/ros2_control_demo_example_4/launch/rrbot_system_with_sensor.launch.py
[11.627s] -- Symlinking: /home/erdem/control_ws/install/ros2_control_demo_example_4/share/ros2_control_demo_example_4/launch/test_forward_position_controller.launch.py
[11.643s] -- Symlinking: /home/erdem/control_ws/install/ros2_control_demo_example_4/share/ros2_control_demo_example_4/config/rrbot_forward_position_publisher.yaml
[11.663s] -- Symlinking: /home/erdem/control_ws/install/ros2_control_demo_example_4/share/ros2_control_demo_example_4/config/rrbot_with_sensor_controllers.yaml
[11.676s] -- Symlinking: /home/erdem/control_ws/install/ros2_control_demo_example_4/share/ros2_control_demo_example_4/environment/library_path.sh
[11.694s] -- Symlinking: /home/erdem/control_ws/install/ros2_control_demo_example_4/share/ros2_control_demo_example_4/environment/library_path.dsv
[11.710s] -- Symlinking: /home/erdem/control_ws/install/ros2_control_demo_example_4/share/ament_index/resource_index/package_run_dependencies/ros2_control_demo_example_4
[11.726s] -- Symlinking: /home/erdem/control_ws/install/ros2_control_demo_example_4/share/ament_index/resource_index/parent_prefix_path/ros2_control_demo_example_4
[11.741s] -- Symlinking: /home/erdem/control_ws/install/ros2_control_demo_example_4/share/ros2_control_demo_example_4/environment/ament_prefix_path.sh
[11.758s] -- Symlinking: /home/erdem/control_ws/install/ros2_control_demo_example_4/share/ros2_control_demo_example_4/environment/ament_prefix_path.dsv
[11.775s] -- Symlinking: /home/erdem/control_ws/install/ros2_control_demo_example_4/share/ros2_control_demo_example_4/environment/path.sh
[11.794s] -- Symlinking: /home/erdem/control_ws/install/ros2_control_demo_example_4/share/ros2_control_demo_example_4/environment/path.dsv
[11.811s] -- Symlinking: /home/erdem/control_ws/install/ros2_control_demo_example_4/share/ros2_control_demo_example_4/local_setup.bash
[11.829s] -- Symlinking: /home/erdem/control_ws/install/ros2_control_demo_example_4/share/ros2_control_demo_example_4/local_setup.sh
[11.846s] -- Symlinking: /home/erdem/control_ws/install/ros2_control_demo_example_4/share/ros2_control_demo_example_4/local_setup.zsh
[11.862s] -- Symlinking: /home/erdem/control_ws/install/ros2_control_demo_example_4/share/ros2_control_demo_example_4/local_setup.dsv
[11.878s] -- Symlinking: /home/erdem/control_ws/install/ros2_control_demo_example_4/share/ros2_control_demo_example_4/package.dsv
[11.897s] -- Symlinking: /home/erdem/control_ws/install/ros2_control_demo_example_4/share/ament_index/resource_index/packages/ros2_control_demo_example_4
[11.911s] -- Symlinking: /home/erdem/control_ws/install/ros2_control_demo_example_4/share/ament_index/resource_index/hardware_interface__pluginlib__plugin/ros2_control_demo_example_4
[11.927s] -- Symlinking: /home/erdem/control_ws/install/ros2_control_demo_example_4/share/ros2_control_demo_example_4/cmake/ament_cmake_export_targets-extras.cmake
[11.942s] -- Symlinking: /home/erdem/control_ws/install/ros2_control_demo_example_4/share/ros2_control_demo_example_4/cmake/ament_cmake_export_dependencies-extras.cmake
[11.958s] -- Symlinking: /home/erdem/control_ws/install/ros2_control_demo_example_4/share/ros2_control_demo_example_4/cmake/ros2_control_demo_example_4Config.cmake
[11.975s] -- Symlinking: /home/erdem/control_ws/install/ros2_control_demo_example_4/share/ros2_control_demo_example_4/cmake/ros2_control_demo_example_4Config-version.cmake
[11.994s] -- Symlinking: /home/erdem/control_ws/install/ros2_control_demo_example_4/share/ros2_control_demo_example_4/package.xml
[12.008s] -- Installing: /home/erdem/control_ws/install/ros2_control_demo_example_4/lib/libros2_control_demo_example_4.so
[12.011s] -- Set runtime path of "/home/erdem/control_ws/install/ros2_control_demo_example_4/lib/libros2_control_demo_example_4.so" to ""
[12.011s] -- Installing: /home/erdem/control_ws/install/ros2_control_demo_example_4/share/ros2_control_demo_example_4/cmake/export_ros2_control_demo_example_4Export.cmake
[12.012s] -- Installing: /home/erdem/control_ws/install/ros2_control_demo_example_4/share/ros2_control_demo_example_4/cmake/export_ros2_control_demo_example_4Export-noconfig.cmake
[12.019s] Invoked command in '/home/erdem/control_ws/build/ros2_control_demo_example_4' returned '0': AMENT_PREFIX_PATH=/home/erdem/control_ws/install/ros2_control_demo_description:${AMENT_PREFIX_PATH} CMAKE_PREFIX_PATH=/home/erdem/control_ws/install/ros2_control_demo_description:/opt/ros/humble /usr/bin/cmake --install /home/erdem/control_ws/build/ros2_control_demo_example_4
