[0.039s] Invoking command in '/home/erdem/control_ws/build/ros2_control_demo_example_3': CMAKE_PREFIX_PATH=/home/erdem/control_ws/install/ros2_control_demo_description:/home/erdem/control_ws/install/ros2_control_demos:/home/erdem/control_ws/install/ros2_control_demo_example_9:/home/erdem/control_ws/install/ros2_control_demo_example_8:/home/erdem/control_ws/install/ros2_control_demo_example_7:/home/erdem/control_ws/install/ros2_control_demo_example_6:/home/erdem/control_ws/install/ros2_control_demo_example_5:/home/erdem/control_ws/install/ros2_control_demo_example_4:/home/erdem/control_ws/install/ros2_control_demo_example_3:/home/erdem/control_ws/install/ros2_control_demo_example_2:/home/erdem/control_ws/install/ros2_control_demo_example_1:/opt/ros/humble /usr/bin/cmake --build /home/erdem/control_ws/build/ros2_control_demo_example_3 -- -j4 -l4
[0.232s] [100%] Built target ros2_control_demo_example_3
[0.280s] Invoked command in '/home/erdem/control_ws/build/ros2_control_demo_example_3' returned '0': CMAKE_PREFIX_PATH=/home/erdem/control_ws/install/ros2_control_demo_description:/home/erdem/control_ws/install/ros2_control_demos:/home/erdem/control_ws/install/ros2_control_demo_example_9:/home/erdem/control_ws/install/ros2_control_demo_example_8:/home/erdem/control_ws/install/ros2_control_demo_example_7:/home/erdem/control_ws/install/ros2_control_demo_example_6:/home/erdem/control_ws/install/ros2_control_demo_example_5:/home/erdem/control_ws/install/ros2_control_demo_example_4:/home/erdem/control_ws/install/ros2_control_demo_example_3:/home/erdem/control_ws/install/ros2_control_demo_example_2:/home/erdem/control_ws/install/ros2_control_demo_example_1:/opt/ros/humble /usr/bin/cmake --build /home/erdem/control_ws/build/ros2_control_demo_example_3 -- -j4 -l4
[0.383s] Invoking command in '/home/erdem/control_ws/build/ros2_control_demo_example_3': CMAKE_PREFIX_PATH=/home/erdem/control_ws/install/ros2_control_demo_description:/home/erdem/control_ws/install/ros2_control_demos:/home/erdem/control_ws/install/ros2_control_demo_example_9:/home/erdem/control_ws/install/ros2_control_demo_example_8:/home/erdem/control_ws/install/ros2_control_demo_example_7:/home/erdem/control_ws/install/ros2_control_demo_example_6:/home/erdem/control_ws/install/ros2_control_demo_example_5:/home/erdem/control_ws/install/ros2_control_demo_example_4:/home/erdem/control_ws/install/ros2_control_demo_example_3:/home/erdem/control_ws/install/ros2_control_demo_example_2:/home/erdem/control_ws/install/ros2_control_demo_example_1:/opt/ros/humble /usr/bin/cmake --install /home/erdem/control_ws/build/ros2_control_demo_example_3
[0.405s] -- Install configuration: ""
[0.409s] -- Execute custom install script
[0.410s] -- Up-to-date symlink: /home/erdem/control_ws/install/ros2_control_demo_example_3/share/ros2_control_demo_example_3//ros2_control_demo_example_3.xml
[0.410s] -- Up-to-date symlink: /home/erdem/control_ws/install/ros2_control_demo_example_3/include/ros2_control_demo_example_3/ros2_control_demo_example_3/rrbot_system_multi_interface.hpp
[0.410s] -- Up-to-date symlink: /home/erdem/control_ws/install/ros2_control_demo_example_3/include/ros2_control_demo_example_3/ros2_control_demo_example_3/visibility_control.h
[0.410s] -- Up-to-date symlink: /home/erdem/control_ws/install/ros2_control_demo_example_3/share/ros2_control_demo_example_3/launch/view_robot.launch.py
[0.411s] -- Up-to-date symlink: /home/erdem/control_ws/install/ros2_control_demo_example_3/share/ros2_control_demo_example_3/ros2_control/rrbot_system_multi_interface.ros2_control.xacro
[0.415s] -- Up-to-date symlink: /home/erdem/control_ws/install/ros2_control_demo_example_3/share/ros2_control_demo_example_3/urdf/rrbot_system_multi_interface.urdf.xacro
[0.415s] -- Up-to-date symlink: /home/erdem/control_ws/install/ros2_control_demo_example_3/share/ros2_control_demo_example_3/launch/rrbot_system_multi_interface.launch.py
[0.416s] -- Up-to-date symlink: /home/erdem/control_ws/install/ros2_control_demo_example_3/share/ros2_control_demo_example_3/launch/test_forward_position_controller.launch.py
[0.416s] -- Up-to-date symlink: /home/erdem/control_ws/install/ros2_control_demo_example_3/share/ros2_control_demo_example_3/config/rrbot_forward_position_publisher.yaml
[0.416s] -- Up-to-date symlink: /home/erdem/control_ws/install/ros2_control_demo_example_3/share/ros2_control_demo_example_3/config/rrbot_multi_interface_forward_controllers.yaml
[0.417s] -- Up-to-date symlink: /home/erdem/control_ws/install/ros2_control_demo_example_3/share/ros2_control_demo_example_3/environment/library_path.sh
[0.418s] -- Up-to-date symlink: /home/erdem/control_ws/install/ros2_control_demo_example_3/share/ros2_control_demo_example_3/environment/library_path.dsv
[0.418s] -- Up-to-date symlink: /home/erdem/control_ws/install/ros2_control_demo_example_3/share/ament_index/resource_index/package_run_dependencies/ros2_control_demo_example_3
[0.419s] -- Up-to-date symlink: /home/erdem/control_ws/install/ros2_control_demo_example_3/share/ament_index/resource_index/parent_prefix_path/ros2_control_demo_example_3
[0.419s] -- Up-to-date symlink: /home/erdem/control_ws/install/ros2_control_demo_example_3/share/ros2_control_demo_example_3/environment/ament_prefix_path.sh
[0.422s] -- Up-to-date symlink: /home/erdem/control_ws/install/ros2_control_demo_example_3/share/ros2_control_demo_example_3/environment/ament_prefix_path.dsv
[0.422s] -- Up-to-date symlink: /home/erdem/control_ws/install/ros2_control_demo_example_3/share/ros2_control_demo_example_3/environment/path.sh
[0.422s] -- Up-to-date symlink: /home/erdem/control_ws/install/ros2_control_demo_example_3/share/ros2_control_demo_example_3/environment/path.dsv
[0.422s] -- Up-to-date symlink: /home/erdem/control_ws/install/ros2_control_demo_example_3/share/ros2_control_demo_example_3/local_setup.bash
[0.422s] -- Up-to-date symlink: /home/erdem/control_ws/install/ros2_control_demo_example_3/share/ros2_control_demo_example_3/local_setup.sh
[0.422s] -- Up-to-date symlink: /home/erdem/control_ws/install/ros2_control_demo_example_3/share/ros2_control_demo_example_3/local_setup.zsh
[0.422s] -- Up-to-date symlink: /home/erdem/control_ws/install/ros2_control_demo_example_3/share/ros2_control_demo_example_3/local_setup.dsv
[0.423s] -- Symlinking: /home/erdem/control_ws/install/ros2_control_demo_example_3/share/ros2_control_demo_example_3/package.dsv
[0.448s] -- Up-to-date symlink: /home/erdem/control_ws/install/ros2_control_demo_example_3/share/ament_index/resource_index/packages/ros2_control_demo_example_3
[0.448s] -- Up-to-date symlink: /home/erdem/control_ws/install/ros2_control_demo_example_3/share/ament_index/resource_index/hardware_interface__pluginlib__plugin/ros2_control_demo_example_3
[0.448s] -- Up-to-date symlink: /home/erdem/control_ws/install/ros2_control_demo_example_3/share/ros2_control_demo_example_3/cmake/ament_cmake_export_targets-extras.cmake
[0.448s] -- Up-to-date symlink: /home/erdem/control_ws/install/ros2_control_demo_example_3/share/ros2_control_demo_example_3/cmake/ament_cmake_export_dependencies-extras.cmake
[0.448s] -- Up-to-date symlink: /home/erdem/control_ws/install/ros2_control_demo_example_3/share/ros2_control_demo_example_3/cmake/ros2_control_demo_example_3Config.cmake
[0.448s] -- Up-to-date symlink: /home/erdem/control_ws/install/ros2_control_demo_example_3/share/ros2_control_demo_example_3/cmake/ros2_control_demo_example_3Config-version.cmake
[0.449s] -- Up-to-date symlink: /home/erdem/control_ws/install/ros2_control_demo_example_3/share/ros2_control_demo_example_3/package.xml
[0.449s] -- Up-to-date: /home/erdem/control_ws/install/ros2_control_demo_example_3/lib/libros2_control_demo_example_3.so
[0.449s] -- Up-to-date: /home/erdem/control_ws/install/ros2_control_demo_example_3/share/ros2_control_demo_example_3/cmake/export_ros2_control_demo_example_3Export.cmake
[0.449s] -- Up-to-date: /home/erdem/control_ws/install/ros2_control_demo_example_3/share/ros2_control_demo_example_3/cmake/export_ros2_control_demo_example_3Export-noconfig.cmake
[0.511s] Invoked command in '/home/erdem/control_ws/build/ros2_control_demo_example_3' returned '0': CMAKE_PREFIX_PATH=/home/erdem/control_ws/install/ros2_control_demo_description:/home/erdem/control_ws/install/ros2_control_demos:/home/erdem/control_ws/install/ros2_control_demo_example_9:/home/erdem/control_ws/install/ros2_control_demo_example_8:/home/erdem/control_ws/install/ros2_control_demo_example_7:/home/erdem/control_ws/install/ros2_control_demo_example_6:/home/erdem/control_ws/install/ros2_control_demo_example_5:/home/erdem/control_ws/install/ros2_control_demo_example_4:/home/erdem/control_ws/install/ros2_control_demo_example_3:/home/erdem/control_ws/install/ros2_control_demo_example_2:/home/erdem/control_ws/install/ros2_control_demo_example_1:/opt/ros/humble /usr/bin/cmake --install /home/erdem/control_ws/build/ros2_control_demo_example_3
