[0.033s] Invoking command in '/home/erdem/control_ws/build/ros2_control_demo_example_1': AMENT_PREFIX_PATH=/home/erdem/control_ws/install/ros2_control_demo_description:${AMENT_PREFIX_PATH} CMAKE_PREFIX_PATH=/home/erdem/control_ws/install/ros2_control_demo_description:/opt/ros/humble /usr/bin/cmake /home/erdem/control_ws/src/example_1 -DAMENT_CMAKE_SYMLINK_INSTALL=1 -DCMAKE_INSTALL_PREFIX=/home/erdem/control_ws/install/ros2_control_demo_example_1
[0.159s] -- The CXX compiler identification is GNU 11.4.0
[0.173s] -- Detecting CXX compiler ABI info
[0.322s] -- Detecting CXX compiler ABI info - done
[0.342s] -- Check for working CXX compiler: /usr/bin/c++ - skipped
[0.343s] -- Detecting CXX compile features
[0.344s] -- Detecting CXX compile features - done
[0.347s] -- Found ament_cmake: 1.3.5 (/opt/ros/humble/share/ament_cmake/cmake)
[0.685s] -- Found Python3: /usr/bin/python3.10 (found version "3.10.12") found components: Interpreter 
[0.806s] -- Override CMake install command with custom implementation using symlinks instead of copying resources
[0.854s] -- Found hardware_interface: 2.30.0 (/opt/ros/humble/share/hardware_interface/cmake)
[0.933s] -- Found rosidl_generator_c: 3.1.5 (/opt/ros/humble/share/rosidl_generator_c/cmake)
[0.943s] -- Found rosidl_adapter: 3.1.5 (/opt/ros/humble/share/rosidl_adapter/cmake)
[0.960s] -- Found rosidl_generator_cpp: 3.1.5 (/opt/ros/humble/share/rosidl_generator_cpp/cmake)
[0.991s] -- Using all available rosidl_typesupport_c: rosidl_typesupport_fastrtps_c;rosidl_typesupport_introspection_c
[1.033s] -- Using all available rosidl_typesupport_cpp: rosidl_typesupport_fastrtps_cpp;rosidl_typesupport_introspection_cpp
[2.578s] -- Found rmw_implementation_cmake: 6.1.1 (/opt/ros/humble/share/rmw_implementation_cmake/cmake)
[2.583s] -- Found rmw_fastrtps_cpp: 6.2.3 (/opt/ros/humble/share/rmw_fastrtps_cpp/cmake)
[2.770s] -- Found OpenSSL: /usr/lib/x86_64-linux-gnu/libcrypto.so (found version "3.0.2")  
[2.830s] -- Found FastRTPS: /opt/ros/humble/include  
[2.941s] -- Using RMW implementation 'rmw_fastrtps_cpp' as default
[2.959s] -- Looking for C++ include pthread.h
[3.122s] -- Looking for C++ include pthread.h - found
[3.123s] -- Performing Test CMAKE_HAVE_LIBC_PTHREAD
[3.294s] -- Performing Test CMAKE_HAVE_LIBC_PTHREAD - Success
[3.296s] -- Found Threads: TRUE  
[3.820s] -- Found ament_cmake_gtest: 1.3.5 (/opt/ros/humble/share/ament_cmake_gtest/cmake)
[3.951s] -- Configuring done
[4.015s] -- Generating done
[4.022s] -- Build files have been written to: /home/erdem/control_ws/build/ros2_control_demo_example_1
[4.038s] Invoked command in '/home/erdem/control_ws/build/ros2_control_demo_example_1' returned '0': AMENT_PREFIX_PATH=/home/erdem/control_ws/install/ros2_control_demo_description:${AMENT_PREFIX_PATH} CMAKE_PREFIX_PATH=/home/erdem/control_ws/install/ros2_control_demo_description:/opt/ros/humble /usr/bin/cmake /home/erdem/control_ws/src/example_1 -DAMENT_CMAKE_SYMLINK_INSTALL=1 -DCMAKE_INSTALL_PREFIX=/home/erdem/control_ws/install/ros2_control_demo_example_1
[4.041s] Invoking command in '/home/erdem/control_ws/build/ros2_control_demo_example_1': AMENT_PREFIX_PATH=/home/erdem/control_ws/install/ros2_control_demo_description:${AMENT_PREFIX_PATH} CMAKE_PREFIX_PATH=/home/erdem/control_ws/install/ros2_control_demo_description:/opt/ros/humble /usr/bin/cmake --build /home/erdem/control_ws/build/ros2_control_demo_example_1 -- -j4 -l4
[4.135s] [ 50%] [32mBuilding CXX object CMakeFiles/ros2_control_demo_example_1.dir/hardware/rrbot.cpp.o[0m
[11.145s] [100%] [32m[1mLinking CXX shared library libros2_control_demo_example_1.so[0m
[11.617s] [100%] Built target ros2_control_demo_example_1
[11.637s] Invoked command in '/home/erdem/control_ws/build/ros2_control_demo_example_1' returned '0': AMENT_PREFIX_PATH=/home/erdem/control_ws/install/ros2_control_demo_description:${AMENT_PREFIX_PATH} CMAKE_PREFIX_PATH=/home/erdem/control_ws/install/ros2_control_demo_description:/opt/ros/humble /usr/bin/cmake --build /home/erdem/control_ws/build/ros2_control_demo_example_1 -- -j4 -l4
[11.683s] Invoking command in '/home/erdem/control_ws/build/ros2_control_demo_example_1': AMENT_PREFIX_PATH=/home/erdem/control_ws/install/ros2_control_demo_description:${AMENT_PREFIX_PATH} CMAKE_PREFIX_PATH=/home/erdem/control_ws/install/ros2_control_demo_description:/opt/ros/humble /usr/bin/cmake --install /home/erdem/control_ws/build/ros2_control_demo_example_1
[11.696s] -- Install configuration: ""
[11.697s] -- Execute custom install script
[11.697s] -- Symlinking: /home/erdem/control_ws/install/ros2_control_demo_example_1/share/ros2_control_demo_example_1//ros2_control_demo_example_1.xml
[11.712s] -- Symlinking: /home/erdem/control_ws/install/ros2_control_demo_example_1/include/ros2_control_demo_example_1/ros2_control_demo_example_1/rrbot.hpp
[11.727s] -- Symlinking: /home/erdem/control_ws/install/ros2_control_demo_example_1/include/ros2_control_demo_example_1/ros2_control_demo_example_1/visibility_control.h
[11.742s] -- Symlinking: /home/erdem/control_ws/install/ros2_control_demo_example_1/share/ros2_control_demo_example_1/launch/view_robot.launch.py
[11.759s] -- Symlinking: /home/erdem/control_ws/install/ros2_control_demo_example_1/share/ros2_control_demo_example_1/ros2_control/rrbot.ros2_control.xacro
[11.774s] -- Symlinking: /home/erdem/control_ws/install/ros2_control_demo_example_1/share/ros2_control_demo_example_1/urdf/rrbot.urdf.xacro
[11.790s] -- Symlinking: /home/erdem/control_ws/install/ros2_control_demo_example_1/share/ros2_control_demo_example_1/launch/rrbot.launch.py
[11.806s] -- Symlinking: /home/erdem/control_ws/install/ros2_control_demo_example_1/share/ros2_control_demo_example_1/launch/test_forward_position_controller.launch.py
[11.822s] -- Symlinking: /home/erdem/control_ws/install/ros2_control_demo_example_1/share/ros2_control_demo_example_1/launch/test_joint_trajectory_controller.launch.py
[11.839s] -- Symlinking: /home/erdem/control_ws/install/ros2_control_demo_example_1/share/ros2_control_demo_example_1/config/rrbot_controllers.yaml
[11.856s] -- Symlinking: /home/erdem/control_ws/install/ros2_control_demo_example_1/share/ros2_control_demo_example_1/config/rrbot_forward_position_publisher.yaml
[11.872s] -- Symlinking: /home/erdem/control_ws/install/ros2_control_demo_example_1/share/ros2_control_demo_example_1/config/rrbot_joint_trajectory_publisher.yaml
[11.889s] -- Symlinking: /home/erdem/control_ws/install/ros2_control_demo_example_1/share/ros2_control_demo_example_1/environment/library_path.sh
[11.906s] -- Symlinking: /home/erdem/control_ws/install/ros2_control_demo_example_1/share/ros2_control_demo_example_1/environment/library_path.dsv
[11.922s] -- Symlinking: /home/erdem/control_ws/install/ros2_control_demo_example_1/share/ament_index/resource_index/package_run_dependencies/ros2_control_demo_example_1
[11.937s] -- Symlinking: /home/erdem/control_ws/install/ros2_control_demo_example_1/share/ament_index/resource_index/parent_prefix_path/ros2_control_demo_example_1
[11.953s] -- Symlinking: /home/erdem/control_ws/install/ros2_control_demo_example_1/share/ros2_control_demo_example_1/environment/ament_prefix_path.sh
[11.970s] -- Symlinking: /home/erdem/control_ws/install/ros2_control_demo_example_1/share/ros2_control_demo_example_1/environment/ament_prefix_path.dsv
[11.985s] -- Symlinking: /home/erdem/control_ws/install/ros2_control_demo_example_1/share/ros2_control_demo_example_1/environment/path.sh
[12.001s] -- Symlinking: /home/erdem/control_ws/install/ros2_control_demo_example_1/share/ros2_control_demo_example_1/environment/path.dsv
[12.017s] -- Symlinking: /home/erdem/control_ws/install/ros2_control_demo_example_1/share/ros2_control_demo_example_1/local_setup.bash
[12.032s] -- Symlinking: /home/erdem/control_ws/install/ros2_control_demo_example_1/share/ros2_control_demo_example_1/local_setup.sh
[12.049s] -- Symlinking: /home/erdem/control_ws/install/ros2_control_demo_example_1/share/ros2_control_demo_example_1/local_setup.zsh
[12.063s] -- Symlinking: /home/erdem/control_ws/install/ros2_control_demo_example_1/share/ros2_control_demo_example_1/local_setup.dsv
[12.078s] -- Symlinking: /home/erdem/control_ws/install/ros2_control_demo_example_1/share/ros2_control_demo_example_1/package.dsv
[12.093s] -- Symlinking: /home/erdem/control_ws/install/ros2_control_demo_example_1/share/ament_index/resource_index/packages/ros2_control_demo_example_1
[12.109s] -- Symlinking: /home/erdem/control_ws/install/ros2_control_demo_example_1/share/ament_index/resource_index/hardware_interface__pluginlib__plugin/ros2_control_demo_example_1
[12.126s] -- Symlinking: /home/erdem/control_ws/install/ros2_control_demo_example_1/share/ros2_control_demo_example_1/cmake/ament_cmake_export_targets-extras.cmake
[12.140s] -- Symlinking: /home/erdem/control_ws/install/ros2_control_demo_example_1/share/ros2_control_demo_example_1/cmake/ament_cmake_export_dependencies-extras.cmake
[12.162s] -- Symlinking: /home/erdem/control_ws/install/ros2_control_demo_example_1/share/ros2_control_demo_example_1/cmake/ros2_control_demo_example_1Config.cmake
[12.173s] -- Symlinking: /home/erdem/control_ws/install/ros2_control_demo_example_1/share/ros2_control_demo_example_1/cmake/ros2_control_demo_example_1Config-version.cmake
[12.192s] -- Symlinking: /home/erdem/control_ws/install/ros2_control_demo_example_1/share/ros2_control_demo_example_1/package.xml
[12.210s] -- Installing: /home/erdem/control_ws/install/ros2_control_demo_example_1/lib/libros2_control_demo_example_1.so
[12.212s] -- Set runtime path of "/home/erdem/control_ws/install/ros2_control_demo_example_1/lib/libros2_control_demo_example_1.so" to ""
[12.213s] -- Installing: /home/erdem/control_ws/install/ros2_control_demo_example_1/share/ros2_control_demo_example_1/cmake/export_ros2_control_demo_example_1Export.cmake
[12.214s] -- Installing: /home/erdem/control_ws/install/ros2_control_demo_example_1/share/ros2_control_demo_example_1/cmake/export_ros2_control_demo_example_1Export-noconfig.cmake
[12.221s] Invoked command in '/home/erdem/control_ws/build/ros2_control_demo_example_1' returned '0': AMENT_PREFIX_PATH=/home/erdem/control_ws/install/ros2_control_demo_description:${AMENT_PREFIX_PATH} CMAKE_PREFIX_PATH=/home/erdem/control_ws/install/ros2_control_demo_description:/opt/ros/humble /usr/bin/cmake --install /home/erdem/control_ws/build/ros2_control_demo_example_1
