[0.076s] Invoking command in '/home/erdem/control_ws/build/ros2_control_demo_example_4': CMAKE_PREFIX_PATH=/home/erdem/control_ws/install/ros2_control_demo_description:/home/erdem/control_ws/install/ros2_control_demos:/home/erdem/control_ws/install/ros2_control_demo_example_9:/home/erdem/control_ws/install/ros2_control_demo_example_8:/home/erdem/control_ws/install/ros2_control_demo_example_7:/home/erdem/control_ws/install/ros2_control_demo_example_6:/home/erdem/control_ws/install/ros2_control_demo_example_5:/home/erdem/control_ws/install/ros2_control_demo_example_4:/home/erdem/control_ws/install/ros2_control_demo_example_3:/home/erdem/control_ws/install/ros2_control_demo_example_2:/home/erdem/control_ws/install/ros2_control_demo_example_1:/opt/ros/humble /usr/bin/cmake --build /home/erdem/control_ws/build/ros2_control_demo_example_4 -- -j4 -l4
[0.254s] [100%] Built target ros2_control_demo_example_4
[0.284s] Invoked command in '/home/erdem/control_ws/build/ros2_control_demo_example_4' returned '0': CMAKE_PREFIX_PATH=/home/erdem/control_ws/install/ros2_control_demo_description:/home/erdem/control_ws/install/ros2_control_demos:/home/erdem/control_ws/install/ros2_control_demo_example_9:/home/erdem/control_ws/install/ros2_control_demo_example_8:/home/erdem/control_ws/install/ros2_control_demo_example_7:/home/erdem/control_ws/install/ros2_control_demo_example_6:/home/erdem/control_ws/install/ros2_control_demo_example_5:/home/erdem/control_ws/install/ros2_control_demo_example_4:/home/erdem/control_ws/install/ros2_control_demo_example_3:/home/erdem/control_ws/install/ros2_control_demo_example_2:/home/erdem/control_ws/install/ros2_control_demo_example_1:/opt/ros/humble /usr/bin/cmake --build /home/erdem/control_ws/build/ros2_control_demo_example_4 -- -j4 -l4
[0.368s] Invoking command in '/home/erdem/control_ws/build/ros2_control_demo_example_4': CMAKE_PREFIX_PATH=/home/erdem/control_ws/install/ros2_control_demo_description:/home/erdem/control_ws/install/ros2_control_demos:/home/erdem/control_ws/install/ros2_control_demo_example_9:/home/erdem/control_ws/install/ros2_control_demo_example_8:/home/erdem/control_ws/install/ros2_control_demo_example_7:/home/erdem/control_ws/install/ros2_control_demo_example_6:/home/erdem/control_ws/install/ros2_control_demo_example_5:/home/erdem/control_ws/install/ros2_control_demo_example_4:/home/erdem/control_ws/install/ros2_control_demo_example_3:/home/erdem/control_ws/install/ros2_control_demo_example_2:/home/erdem/control_ws/install/ros2_control_demo_example_1:/opt/ros/humble /usr/bin/cmake --install /home/erdem/control_ws/build/ros2_control_demo_example_4
[0.390s] -- Install configuration: ""
[0.390s] -- Execute custom install script
[0.390s] -- Up-to-date symlink: /home/erdem/control_ws/install/ros2_control_demo_example_4/share/ros2_control_demo_example_4//ros2_control_demo_example_4.xml
[0.391s] -- Up-to-date symlink: /home/erdem/control_ws/install/ros2_control_demo_example_4/include/ros2_control_demo_example_4/ros2_control_demo_example_4/rrbot_system_with_sensor.hpp
[0.391s] -- Up-to-date symlink: /home/erdem/control_ws/install/ros2_control_demo_example_4/include/ros2_control_demo_example_4/ros2_control_demo_example_4/visibility_control.h
[0.392s] -- Up-to-date symlink: /home/erdem/control_ws/install/ros2_control_demo_example_4/share/ros2_control_demo_example_4/launch/view_robot.launch.py
[0.392s] -- Up-to-date symlink: /home/erdem/control_ws/install/ros2_control_demo_example_4/share/ros2_control_demo_example_4/ros2_control/rrbot_system_with_sensor.ros2_control.xacro
[0.392s] -- Up-to-date symlink: /home/erdem/control_ws/install/ros2_control_demo_example_4/share/ros2_control_demo_example_4/urdf/rrbot_system_with_sensor.urdf.xacro
[0.393s] -- Up-to-date symlink: /home/erdem/control_ws/install/ros2_control_demo_example_4/share/ros2_control_demo_example_4/rviz/rrbot.rviz
[0.404s] -- Up-to-date symlink: /home/erdem/control_ws/install/ros2_control_demo_example_4/share/ros2_control_demo_example_4/launch/rrbot_system_with_sensor.launch.py
[0.404s] -- Up-to-date symlink: /home/erdem/control_ws/install/ros2_control_demo_example_4/share/ros2_control_demo_example_4/launch/test_forward_position_controller.launch.py
[0.406s] -- Up-to-date symlink: /home/erdem/control_ws/install/ros2_control_demo_example_4/share/ros2_control_demo_example_4/config/rrbot_forward_position_publisher.yaml
[0.406s] -- Up-to-date symlink: /home/erdem/control_ws/install/ros2_control_demo_example_4/share/ros2_control_demo_example_4/config/rrbot_with_sensor_controllers.yaml
[0.406s] -- Up-to-date symlink: /home/erdem/control_ws/install/ros2_control_demo_example_4/share/ros2_control_demo_example_4/environment/library_path.sh
[0.407s] -- Up-to-date symlink: /home/erdem/control_ws/install/ros2_control_demo_example_4/share/ros2_control_demo_example_4/environment/library_path.dsv
[0.407s] -- Up-to-date symlink: /home/erdem/control_ws/install/ros2_control_demo_example_4/share/ament_index/resource_index/package_run_dependencies/ros2_control_demo_example_4
[0.407s] -- Up-to-date symlink: /home/erdem/control_ws/install/ros2_control_demo_example_4/share/ament_index/resource_index/parent_prefix_path/ros2_control_demo_example_4
[0.407s] -- Up-to-date symlink: /home/erdem/control_ws/install/ros2_control_demo_example_4/share/ros2_control_demo_example_4/environment/ament_prefix_path.sh
[0.407s] -- Up-to-date symlink: /home/erdem/control_ws/install/ros2_control_demo_example_4/share/ros2_control_demo_example_4/environment/ament_prefix_path.dsv
[0.408s] -- Up-to-date symlink: /home/erdem/control_ws/install/ros2_control_demo_example_4/share/ros2_control_demo_example_4/environment/path.sh
[0.408s] -- Up-to-date symlink: /home/erdem/control_ws/install/ros2_control_demo_example_4/share/ros2_control_demo_example_4/environment/path.dsv
[0.408s] -- Up-to-date symlink: /home/erdem/control_ws/install/ros2_control_demo_example_4/share/ros2_control_demo_example_4/local_setup.bash
[0.419s] -- Up-to-date symlink: /home/erdem/control_ws/install/ros2_control_demo_example_4/share/ros2_control_demo_example_4/local_setup.sh
[0.420s] -- Up-to-date symlink: /home/erdem/control_ws/install/ros2_control_demo_example_4/share/ros2_control_demo_example_4/local_setup.zsh
[0.420s] -- Up-to-date symlink: /home/erdem/control_ws/install/ros2_control_demo_example_4/share/ros2_control_demo_example_4/local_setup.dsv
[0.420s] -- Symlinking: /home/erdem/control_ws/install/ros2_control_demo_example_4/share/ros2_control_demo_example_4/package.dsv
[0.452s] -- Up-to-date symlink: /home/erdem/control_ws/install/ros2_control_demo_example_4/share/ament_index/resource_index/packages/ros2_control_demo_example_4
[0.452s] -- Up-to-date symlink: /home/erdem/control_ws/install/ros2_control_demo_example_4/share/ament_index/resource_index/hardware_interface__pluginlib__plugin/ros2_control_demo_example_4
[0.452s] -- Up-to-date symlink: /home/erdem/control_ws/install/ros2_control_demo_example_4/share/ros2_control_demo_example_4/cmake/ament_cmake_export_targets-extras.cmake
[0.452s] -- Up-to-date symlink: /home/erdem/control_ws/install/ros2_control_demo_example_4/share/ros2_control_demo_example_4/cmake/ament_cmake_export_dependencies-extras.cmake
[0.452s] -- Up-to-date symlink: /home/erdem/control_ws/install/ros2_control_demo_example_4/share/ros2_control_demo_example_4/cmake/ros2_control_demo_example_4Config.cmake
[0.452s] -- Up-to-date symlink: /home/erdem/control_ws/install/ros2_control_demo_example_4/share/ros2_control_demo_example_4/cmake/ros2_control_demo_example_4Config-version.cmake
[0.453s] -- Up-to-date symlink: /home/erdem/control_ws/install/ros2_control_demo_example_4/share/ros2_control_demo_example_4/package.xml
[0.453s] -- Up-to-date: /home/erdem/control_ws/install/ros2_control_demo_example_4/lib/libros2_control_demo_example_4.so
[0.453s] -- Up-to-date: /home/erdem/control_ws/install/ros2_control_demo_example_4/share/ros2_control_demo_example_4/cmake/export_ros2_control_demo_example_4Export.cmake
[0.453s] -- Up-to-date: /home/erdem/control_ws/install/ros2_control_demo_example_4/share/ros2_control_demo_example_4/cmake/export_ros2_control_demo_example_4Export-noconfig.cmake
[0.467s] Invoked command in '/home/erdem/control_ws/build/ros2_control_demo_example_4' returned '0': CMAKE_PREFIX_PATH=/home/erdem/control_ws/install/ros2_control_demo_description:/home/erdem/control_ws/install/ros2_control_demos:/home/erdem/control_ws/install/ros2_control_demo_example_9:/home/erdem/control_ws/install/ros2_control_demo_example_8:/home/erdem/control_ws/install/ros2_control_demo_example_7:/home/erdem/control_ws/install/ros2_control_demo_example_6:/home/erdem/control_ws/install/ros2_control_demo_example_5:/home/erdem/control_ws/install/ros2_control_demo_example_4:/home/erdem/control_ws/install/ros2_control_demo_example_3:/home/erdem/control_ws/install/ros2_control_demo_example_2:/home/erdem/control_ws/install/ros2_control_demo_example_1:/opt/ros/humble /usr/bin/cmake --install /home/erdem/control_ws/build/ros2_control_demo_example_4
