[0.070s] Invoking command in '/home/erdem/control_ws/build/ros2_control_demo_example_7': CMAKE_PREFIX_PATH=/home/erdem/control_ws/install/ros2_control_demo_description:/home/erdem/control_ws/install/ros2_control_demos:/home/erdem/control_ws/install/ros2_control_demo_example_9:/home/erdem/control_ws/install/ros2_control_demo_example_8:/home/erdem/control_ws/install/ros2_control_demo_example_7:/home/erdem/control_ws/install/ros2_control_demo_example_6:/home/erdem/control_ws/install/ros2_control_demo_example_5:/home/erdem/control_ws/install/ros2_control_demo_example_4:/home/erdem/control_ws/install/ros2_control_demo_example_3:/home/erdem/control_ws/install/ros2_control_demo_example_2:/home/erdem/control_ws/install/ros2_control_demo_example_1:/opt/ros/humble /usr/bin/cmake --build /home/erdem/control_ws/build/ros2_control_demo_example_7 -- -j4 -l4
[0.194s] [ 40%] Built target send_trajectory
[0.207s] [100%] Built target ros2_control_demo_example_7
[0.247s] Invoked command in '/home/erdem/control_ws/build/ros2_control_demo_example_7' returned '0': CMAKE_PREFIX_PATH=/home/erdem/control_ws/install/ros2_control_demo_description:/home/erdem/control_ws/install/ros2_control_demos:/home/erdem/control_ws/install/ros2_control_demo_example_9:/home/erdem/control_ws/install/ros2_control_demo_example_8:/home/erdem/control_ws/install/ros2_control_demo_example_7:/home/erdem/control_ws/install/ros2_control_demo_example_6:/home/erdem/control_ws/install/ros2_control_demo_example_5:/home/erdem/control_ws/install/ros2_control_demo_example_4:/home/erdem/control_ws/install/ros2_control_demo_example_3:/home/erdem/control_ws/install/ros2_control_demo_example_2:/home/erdem/control_ws/install/ros2_control_demo_example_1:/opt/ros/humble /usr/bin/cmake --build /home/erdem/control_ws/build/ros2_control_demo_example_7 -- -j4 -l4
[0.366s] Invoking command in '/home/erdem/control_ws/build/ros2_control_demo_example_7': CMAKE_PREFIX_PATH=/home/erdem/control_ws/install/ros2_control_demo_description:/home/erdem/control_ws/install/ros2_control_demos:/home/erdem/control_ws/install/ros2_control_demo_example_9:/home/erdem/control_ws/install/ros2_control_demo_example_8:/home/erdem/control_ws/install/ros2_control_demo_example_7:/home/erdem/control_ws/install/ros2_control_demo_example_6:/home/erdem/control_ws/install/ros2_control_demo_example_5:/home/erdem/control_ws/install/ros2_control_demo_example_4:/home/erdem/control_ws/install/ros2_control_demo_example_3:/home/erdem/control_ws/install/ros2_control_demo_example_2:/home/erdem/control_ws/install/ros2_control_demo_example_1:/opt/ros/humble /usr/bin/cmake --install /home/erdem/control_ws/build/ros2_control_demo_example_7
[0.383s] -- Install configuration: ""
[0.384s] -- Execute custom install script
[0.384s] -- Up-to-date symlink: /home/erdem/control_ws/install/ros2_control_demo_example_7/share/ros2_control_demo_example_7//ros2_control_demo_example_7.xml
[0.384s] -- Up-to-date symlink: /home/erdem/control_ws/install/ros2_control_demo_example_7/share/ros2_control_demo_example_7//ros2_control_demo_example_7.xml
[0.385s] -- Up-to-date symlink: /home/erdem/control_ws/install/ros2_control_demo_example_7/include/ros2_control_demo_example_7/ros2_control_demo_example_7/r6bot_hardware.hpp
[0.385s] -- Up-to-date symlink: /home/erdem/control_ws/install/ros2_control_demo_example_7/share/ros2_control_demo_example_7/launch/view_r6bot.launch.py
[0.385s] -- Up-to-date symlink: /home/erdem/control_ws/install/ros2_control_demo_example_7/share/ros2_control_demo_example_7/ros2_control/r6bot.ros2_control.xacro
[0.386s] -- Up-to-date symlink: /home/erdem/control_ws/install/ros2_control_demo_example_7/share/ros2_control_demo_example_7/urdf/r6bot.urdf.xacro
[0.387s] -- Up-to-date symlink: /home/erdem/control_ws/install/ros2_control_demo_example_7/share/ros2_control_demo_example_7/launch/r6bot_controller.launch.py
[0.387s] -- Up-to-date symlink: /home/erdem/control_ws/install/ros2_control_demo_example_7/share/ros2_control_demo_example_7/launch/send_trajectory.launch.py
[0.387s] -- Up-to-date symlink: /home/erdem/control_ws/install/ros2_control_demo_example_7/share/ros2_control_demo_example_7/config/r6bot_controller.yaml
[0.388s] -- Up-to-date symlink: /home/erdem/control_ws/install/ros2_control_demo_example_7/lib/ros2_control_demo_example_7/send_trajectory
[0.388s] -- Up-to-date symlink: /home/erdem/control_ws/install/ros2_control_demo_example_7/share/ros2_control_demo_example_7/environment/library_path.sh
[0.388s] -- Up-to-date symlink: /home/erdem/control_ws/install/ros2_control_demo_example_7/share/ros2_control_demo_example_7/environment/library_path.dsv
[0.389s] -- Up-to-date symlink: /home/erdem/control_ws/install/ros2_control_demo_example_7/share/ament_index/resource_index/package_run_dependencies/ros2_control_demo_example_7
[0.389s] -- Up-to-date symlink: /home/erdem/control_ws/install/ros2_control_demo_example_7/share/ament_index/resource_index/parent_prefix_path/ros2_control_demo_example_7
[0.389s] -- Up-to-date symlink: /home/erdem/control_ws/install/ros2_control_demo_example_7/share/ros2_control_demo_example_7/environment/ament_prefix_path.sh
[0.390s] -- Up-to-date symlink: /home/erdem/control_ws/install/ros2_control_demo_example_7/share/ros2_control_demo_example_7/environment/ament_prefix_path.dsv
[0.390s] -- Up-to-date symlink: /home/erdem/control_ws/install/ros2_control_demo_example_7/share/ros2_control_demo_example_7/environment/path.sh
[0.390s] -- Up-to-date symlink: /home/erdem/control_ws/install/ros2_control_demo_example_7/share/ros2_control_demo_example_7/environment/path.dsv
[0.390s] -- Up-to-date symlink: /home/erdem/control_ws/install/ros2_control_demo_example_7/share/ros2_control_demo_example_7/local_setup.bash
[0.391s] -- Up-to-date symlink: /home/erdem/control_ws/install/ros2_control_demo_example_7/share/ros2_control_demo_example_7/local_setup.sh
[0.391s] -- Up-to-date symlink: /home/erdem/control_ws/install/ros2_control_demo_example_7/share/ros2_control_demo_example_7/local_setup.zsh
[0.391s] -- Up-to-date symlink: /home/erdem/control_ws/install/ros2_control_demo_example_7/share/ros2_control_demo_example_7/local_setup.dsv
[0.391s] -- Symlinking: /home/erdem/control_ws/install/ros2_control_demo_example_7/share/ros2_control_demo_example_7/package.dsv
[0.410s] -- Up-to-date symlink: /home/erdem/control_ws/install/ros2_control_demo_example_7/share/ament_index/resource_index/packages/ros2_control_demo_example_7
[0.411s] -- Up-to-date symlink: /home/erdem/control_ws/install/ros2_control_demo_example_7/share/ament_index/resource_index/hardware_interface__pluginlib__plugin/ros2_control_demo_example_7
[0.411s] -- Up-to-date symlink: /home/erdem/control_ws/install/ros2_control_demo_example_7/share/ament_index/resource_index/controller_interface__pluginlib__plugin/ros2_control_demo_example_7
[0.411s] -- Up-to-date symlink: /home/erdem/control_ws/install/ros2_control_demo_example_7/share/ros2_control_demo_example_7/cmake/ament_cmake_export_targets-extras.cmake
[0.411s] -- Up-to-date symlink: /home/erdem/control_ws/install/ros2_control_demo_example_7/share/ros2_control_demo_example_7/cmake/ament_cmake_export_dependencies-extras.cmake
[0.411s] -- Up-to-date symlink: /home/erdem/control_ws/install/ros2_control_demo_example_7/share/ros2_control_demo_example_7/cmake/ros2_control_demo_example_7Config.cmake
[0.412s] -- Up-to-date symlink: /home/erdem/control_ws/install/ros2_control_demo_example_7/share/ros2_control_demo_example_7/cmake/ros2_control_demo_example_7Config-version.cmake
[0.412s] -- Up-to-date symlink: /home/erdem/control_ws/install/ros2_control_demo_example_7/share/ros2_control_demo_example_7/package.xml
[0.412s] -- Up-to-date: /home/erdem/control_ws/install/ros2_control_demo_example_7/lib/libros2_control_demo_example_7.so
[0.412s] -- Up-to-date: /home/erdem/control_ws/install/ros2_control_demo_example_7/share/ros2_control_demo_example_7/cmake/export_ros2_control_demo_example_7Export.cmake
[0.413s] -- Up-to-date: /home/erdem/control_ws/install/ros2_control_demo_example_7/share/ros2_control_demo_example_7/cmake/export_ros2_control_demo_example_7Export-noconfig.cmake
[0.416s] Invoked command in '/home/erdem/control_ws/build/ros2_control_demo_example_7' returned '0': CMAKE_PREFIX_PATH=/home/erdem/control_ws/install/ros2_control_demo_description:/home/erdem/control_ws/install/ros2_control_demos:/home/erdem/control_ws/install/ros2_control_demo_example_9:/home/erdem/control_ws/install/ros2_control_demo_example_8:/home/erdem/control_ws/install/ros2_control_demo_example_7:/home/erdem/control_ws/install/ros2_control_demo_example_6:/home/erdem/control_ws/install/ros2_control_demo_example_5:/home/erdem/control_ws/install/ros2_control_demo_example_4:/home/erdem/control_ws/install/ros2_control_demo_example_3:/home/erdem/control_ws/install/ros2_control_demo_example_2:/home/erdem/control_ws/install/ros2_control_demo_example_1:/opt/ros/humble /usr/bin/cmake --install /home/erdem/control_ws/build/ros2_control_demo_example_7
