[0.050s] Invoking command in '/home/erdem/control_ws/build/ros2_control_demo_example_6': AMENT_PREFIX_PATH=/home/erdem/control_ws/install/ros2_control_demo_description:${AMENT_PREFIX_PATH} CMAKE_PREFIX_PATH=/home/erdem/control_ws/install/ros2_control_demo_description:/opt/ros/humble /usr/bin/cmake /home/erdem/control_ws/src/example_6 -DAMENT_CMAKE_SYMLINK_INSTALL=1 -DCMAKE_INSTALL_PREFIX=/home/erdem/control_ws/install/ros2_control_demo_example_6
[0.191s] -- The CXX compiler identification is GNU 11.4.0
[0.205s] -- Detecting CXX compiler ABI info
[0.362s] -- Detecting CXX compiler ABI info - done
[0.384s] -- Check for working CXX compiler: /usr/bin/c++ - skipped
[0.384s] -- Detecting CXX compile features
[0.385s] -- Detecting CXX compile features - done
[0.389s] -- Found ament_cmake: 1.3.5 (/opt/ros/humble/share/ament_cmake/cmake)
[0.750s] -- Found Python3: /usr/bin/python3.10 (found version "3.10.12") found components: Interpreter 
[0.873s] -- Override CMake install command with custom implementation using symlinks instead of copying resources
[0.916s] -- Found hardware_interface: 2.30.0 (/opt/ros/humble/share/hardware_interface/cmake)
[0.994s] -- Found rosidl_generator_c: 3.1.5 (/opt/ros/humble/share/rosidl_generator_c/cmake)
[1.003s] -- Found rosidl_adapter: 3.1.5 (/opt/ros/humble/share/rosidl_adapter/cmake)
[1.021s] -- Found rosidl_generator_cpp: 3.1.5 (/opt/ros/humble/share/rosidl_generator_cpp/cmake)
[1.052s] -- Using all available rosidl_typesupport_c: rosidl_typesupport_fastrtps_c;rosidl_typesupport_introspection_c
[1.095s] -- Using all available rosidl_typesupport_cpp: rosidl_typesupport_fastrtps_cpp;rosidl_typesupport_introspection_cpp
[2.653s] -- Found rmw_implementation_cmake: 6.1.1 (/opt/ros/humble/share/rmw_implementation_cmake/cmake)
[2.657s] -- Found rmw_fastrtps_cpp: 6.2.3 (/opt/ros/humble/share/rmw_fastrtps_cpp/cmake)
[2.841s] -- Found OpenSSL: /usr/lib/x86_64-linux-gnu/libcrypto.so (found version "3.0.2")  
[2.893s] -- Found FastRTPS: /opt/ros/humble/include  
[2.993s] -- Using RMW implementation 'rmw_fastrtps_cpp' as default
[3.012s] -- Looking for C++ include pthread.h
[3.174s] -- Looking for C++ include pthread.h - found
[3.174s] -- Performing Test CMAKE_HAVE_LIBC_PTHREAD
[3.340s] -- Performing Test CMAKE_HAVE_LIBC_PTHREAD - Success
[3.343s] -- Found Threads: TRUE  
[3.905s] -- Found ament_cmake_gtest: 1.3.5 (/opt/ros/humble/share/ament_cmake_gtest/cmake)
[4.035s] -- Configuring done
[4.092s] -- Generating done
[4.100s] -- Build files have been written to: /home/erdem/control_ws/build/ros2_control_demo_example_6
[4.162s] Invoked command in '/home/erdem/control_ws/build/ros2_control_demo_example_6' returned '0': AMENT_PREFIX_PATH=/home/erdem/control_ws/install/ros2_control_demo_description:${AMENT_PREFIX_PATH} CMAKE_PREFIX_PATH=/home/erdem/control_ws/install/ros2_control_demo_description:/opt/ros/humble /usr/bin/cmake /home/erdem/control_ws/src/example_6 -DAMENT_CMAKE_SYMLINK_INSTALL=1 -DCMAKE_INSTALL_PREFIX=/home/erdem/control_ws/install/ros2_control_demo_example_6
[4.163s] Invoking command in '/home/erdem/control_ws/build/ros2_control_demo_example_6': AMENT_PREFIX_PATH=/home/erdem/control_ws/install/ros2_control_demo_description:${AMENT_PREFIX_PATH} CMAKE_PREFIX_PATH=/home/erdem/control_ws/install/ros2_control_demo_description:/opt/ros/humble /usr/bin/cmake --build /home/erdem/control_ws/build/ros2_control_demo_example_6 -- -j4 -l4
[4.415s] [ 50%] [32mBuilding CXX object CMakeFiles/ros2_control_demo_example_6.dir/hardware/rrbot_actuator.cpp.o[0m
[12.246s] [100%] [32m[1mLinking CXX shared library libros2_control_demo_example_6.so[0m
[12.652s] [100%] Built target ros2_control_demo_example_6
[12.671s] Invoked command in '/home/erdem/control_ws/build/ros2_control_demo_example_6' returned '0': AMENT_PREFIX_PATH=/home/erdem/control_ws/install/ros2_control_demo_description:${AMENT_PREFIX_PATH} CMAKE_PREFIX_PATH=/home/erdem/control_ws/install/ros2_control_demo_description:/opt/ros/humble /usr/bin/cmake --build /home/erdem/control_ws/build/ros2_control_demo_example_6 -- -j4 -l4
[12.721s] Invoking command in '/home/erdem/control_ws/build/ros2_control_demo_example_6': AMENT_PREFIX_PATH=/home/erdem/control_ws/install/ros2_control_demo_description:${AMENT_PREFIX_PATH} CMAKE_PREFIX_PATH=/home/erdem/control_ws/install/ros2_control_demo_description:/opt/ros/humble /usr/bin/cmake --install /home/erdem/control_ws/build/ros2_control_demo_example_6
[12.735s] -- Install configuration: ""
[12.737s] -- Execute custom install script
[12.738s] -- Symlinking: /home/erdem/control_ws/install/ros2_control_demo_example_6/share/ros2_control_demo_example_6//ros2_control_demo_example_6.xml
[12.755s] -- Symlinking: /home/erdem/control_ws/install/ros2_control_demo_example_6/include/ros2_control_demo_example_6/ros2_control_demo_example_6/rrbot_actuator.hpp
[12.770s] -- Symlinking: /home/erdem/control_ws/install/ros2_control_demo_example_6/include/ros2_control_demo_example_6/ros2_control_demo_example_6/visibility_control.h
[12.785s] -- Symlinking: /home/erdem/control_ws/install/ros2_control_demo_example_6/share/ros2_control_demo_example_6/launch/view_robot.launch.py
[12.801s] -- Symlinking: /home/erdem/control_ws/install/ros2_control_demo_example_6/share/ros2_control_demo_example_6/ros2_control/rrbot_modular_actuators.ros2_control.xacro
[12.817s] -- Symlinking: /home/erdem/control_ws/install/ros2_control_demo_example_6/share/ros2_control_demo_example_6/urdf/rrbot_modular_actuators.urdf.xacro
[12.834s] -- Symlinking: /home/erdem/control_ws/install/ros2_control_demo_example_6/share/ros2_control_demo_example_6/launch/rrbot_modular_actuators.launch.py
[12.851s] -- Symlinking: /home/erdem/control_ws/install/ros2_control_demo_example_6/share/ros2_control_demo_example_6/launch/test_forward_position_controller.launch.py
[12.868s] -- Symlinking: /home/erdem/control_ws/install/ros2_control_demo_example_6/share/ros2_control_demo_example_6/config/rrbot_forward_position_publisher.yaml
[12.887s] -- Symlinking: /home/erdem/control_ws/install/ros2_control_demo_example_6/share/ros2_control_demo_example_6/config/rrbot_modular_actuators.yaml
[12.907s] -- Symlinking: /home/erdem/control_ws/install/ros2_control_demo_example_6/share/ros2_control_demo_example_6/environment/library_path.sh
[12.925s] -- Symlinking: /home/erdem/control_ws/install/ros2_control_demo_example_6/share/ros2_control_demo_example_6/environment/library_path.dsv
[12.942s] -- Symlinking: /home/erdem/control_ws/install/ros2_control_demo_example_6/share/ament_index/resource_index/package_run_dependencies/ros2_control_demo_example_6
[12.959s] -- Symlinking: /home/erdem/control_ws/install/ros2_control_demo_example_6/share/ament_index/resource_index/parent_prefix_path/ros2_control_demo_example_6
[12.975s] -- Symlinking: /home/erdem/control_ws/install/ros2_control_demo_example_6/share/ros2_control_demo_example_6/environment/ament_prefix_path.sh
[12.991s] -- Symlinking: /home/erdem/control_ws/install/ros2_control_demo_example_6/share/ros2_control_demo_example_6/environment/ament_prefix_path.dsv
[13.010s] -- Symlinking: /home/erdem/control_ws/install/ros2_control_demo_example_6/share/ros2_control_demo_example_6/environment/path.sh
[13.026s] -- Symlinking: /home/erdem/control_ws/install/ros2_control_demo_example_6/share/ros2_control_demo_example_6/environment/path.dsv
[13.042s] -- Symlinking: /home/erdem/control_ws/install/ros2_control_demo_example_6/share/ros2_control_demo_example_6/local_setup.bash
[13.057s] -- Symlinking: /home/erdem/control_ws/install/ros2_control_demo_example_6/share/ros2_control_demo_example_6/local_setup.sh
[13.072s] -- Symlinking: /home/erdem/control_ws/install/ros2_control_demo_example_6/share/ros2_control_demo_example_6/local_setup.zsh
[13.088s] -- Symlinking: /home/erdem/control_ws/install/ros2_control_demo_example_6/share/ros2_control_demo_example_6/local_setup.dsv
[13.106s] -- Symlinking: /home/erdem/control_ws/install/ros2_control_demo_example_6/share/ros2_control_demo_example_6/package.dsv
[13.122s] -- Symlinking: /home/erdem/control_ws/install/ros2_control_demo_example_6/share/ament_index/resource_index/packages/ros2_control_demo_example_6
[13.137s] -- Symlinking: /home/erdem/control_ws/install/ros2_control_demo_example_6/share/ament_index/resource_index/hardware_interface__pluginlib__plugin/ros2_control_demo_example_6
[13.153s] -- Symlinking: /home/erdem/control_ws/install/ros2_control_demo_example_6/share/ros2_control_demo_example_6/cmake/ament_cmake_export_targets-extras.cmake
[13.168s] -- Symlinking: /home/erdem/control_ws/install/ros2_control_demo_example_6/share/ros2_control_demo_example_6/cmake/ament_cmake_export_dependencies-extras.cmake
[13.185s] -- Symlinking: /home/erdem/control_ws/install/ros2_control_demo_example_6/share/ros2_control_demo_example_6/cmake/ros2_control_demo_example_6Config.cmake
[13.203s] -- Symlinking: /home/erdem/control_ws/install/ros2_control_demo_example_6/share/ros2_control_demo_example_6/cmake/ros2_control_demo_example_6Config-version.cmake
[13.220s] -- Symlinking: /home/erdem/control_ws/install/ros2_control_demo_example_6/share/ros2_control_demo_example_6/package.xml
[13.238s] -- Installing: /home/erdem/control_ws/install/ros2_control_demo_example_6/lib/libros2_control_demo_example_6.so
[13.241s] -- Set runtime path of "/home/erdem/control_ws/install/ros2_control_demo_example_6/lib/libros2_control_demo_example_6.so" to ""
[13.241s] -- Installing: /home/erdem/control_ws/install/ros2_control_demo_example_6/share/ros2_control_demo_example_6/cmake/export_ros2_control_demo_example_6Export.cmake
[13.242s] -- Installing: /home/erdem/control_ws/install/ros2_control_demo_example_6/share/ros2_control_demo_example_6/cmake/export_ros2_control_demo_example_6Export-noconfig.cmake
[13.251s] Invoked command in '/home/erdem/control_ws/build/ros2_control_demo_example_6' returned '0': AMENT_PREFIX_PATH=/home/erdem/control_ws/install/ros2_control_demo_description:${AMENT_PREFIX_PATH} CMAKE_PREFIX_PATH=/home/erdem/control_ws/install/ros2_control_demo_description:/opt/ros/humble /usr/bin/cmake --install /home/erdem/control_ws/build/ros2_control_demo_example_6
