[0.092s] Invoking command in '/home/erdem/control_ws/build/ros2_control_demo_example_6': CMAKE_PREFIX_PATH=/home/erdem/control_ws/install/ros2_control_demo_description:/home/erdem/control_ws/install/ros2_control_demos:/home/erdem/control_ws/install/ros2_control_demo_example_9:/home/erdem/control_ws/install/ros2_control_demo_example_8:/home/erdem/control_ws/install/ros2_control_demo_example_7:/home/erdem/control_ws/install/ros2_control_demo_example_6:/home/erdem/control_ws/install/ros2_control_demo_example_5:/home/erdem/control_ws/install/ros2_control_demo_example_4:/home/erdem/control_ws/install/ros2_control_demo_example_3:/home/erdem/control_ws/install/ros2_control_demo_example_2:/home/erdem/control_ws/install/ros2_control_demo_example_1:/opt/ros/humble /usr/bin/cmake --build /home/erdem/control_ws/build/ros2_control_demo_example_6 -- -j4 -l4
[0.240s] [100%] Built target ros2_control_demo_example_6
[0.267s] Invoked command in '/home/erdem/control_ws/build/ros2_control_demo_example_6' returned '0': CMAKE_PREFIX_PATH=/home/erdem/control_ws/install/ros2_control_demo_description:/home/erdem/control_ws/install/ros2_control_demos:/home/erdem/control_ws/install/ros2_control_demo_example_9:/home/erdem/control_ws/install/ros2_control_demo_example_8:/home/erdem/control_ws/install/ros2_control_demo_example_7:/home/erdem/control_ws/install/ros2_control_demo_example_6:/home/erdem/control_ws/install/ros2_control_demo_example_5:/home/erdem/control_ws/install/ros2_control_demo_example_4:/home/erdem/control_ws/install/ros2_control_demo_example_3:/home/erdem/control_ws/install/ros2_control_demo_example_2:/home/erdem/control_ws/install/ros2_control_demo_example_1:/opt/ros/humble /usr/bin/cmake --build /home/erdem/control_ws/build/ros2_control_demo_example_6 -- -j4 -l4
[0.351s] Invoking command in '/home/erdem/control_ws/build/ros2_control_demo_example_6': CMAKE_PREFIX_PATH=/home/erdem/control_ws/install/ros2_control_demo_description:/home/erdem/control_ws/install/ros2_control_demos:/home/erdem/control_ws/install/ros2_control_demo_example_9:/home/erdem/control_ws/install/ros2_control_demo_example_8:/home/erdem/control_ws/install/ros2_control_demo_example_7:/home/erdem/control_ws/install/ros2_control_demo_example_6:/home/erdem/control_ws/install/ros2_control_demo_example_5:/home/erdem/control_ws/install/ros2_control_demo_example_4:/home/erdem/control_ws/install/ros2_control_demo_example_3:/home/erdem/control_ws/install/ros2_control_demo_example_2:/home/erdem/control_ws/install/ros2_control_demo_example_1:/opt/ros/humble /usr/bin/cmake --install /home/erdem/control_ws/build/ros2_control_demo_example_6
[0.369s] -- Install configuration: ""
[0.382s] -- Execute custom install script
[0.382s] -- Up-to-date symlink: /home/erdem/control_ws/install/ros2_control_demo_example_6/share/ros2_control_demo_example_6//ros2_control_demo_example_6.xml
[0.383s] -- Up-to-date symlink: /home/erdem/control_ws/install/ros2_control_demo_example_6/include/ros2_control_demo_example_6/ros2_control_demo_example_6/rrbot_actuator.hpp
[0.383s] -- Up-to-date symlink: /home/erdem/control_ws/install/ros2_control_demo_example_6/include/ros2_control_demo_example_6/ros2_control_demo_example_6/visibility_control.h
[0.384s] -- Up-to-date symlink: /home/erdem/control_ws/install/ros2_control_demo_example_6/share/ros2_control_demo_example_6/launch/view_robot.launch.py
[0.384s] -- Up-to-date symlink: /home/erdem/control_ws/install/ros2_control_demo_example_6/share/ros2_control_demo_example_6/ros2_control/rrbot_modular_actuators.ros2_control.xacro
[0.384s] -- Up-to-date symlink: /home/erdem/control_ws/install/ros2_control_demo_example_6/share/ros2_control_demo_example_6/urdf/rrbot_modular_actuators.urdf.xacro
[0.386s] -- Up-to-date symlink: /home/erdem/control_ws/install/ros2_control_demo_example_6/share/ros2_control_demo_example_6/launch/rrbot_modular_actuators.launch.py
[0.386s] -- Up-to-date symlink: /home/erdem/control_ws/install/ros2_control_demo_example_6/share/ros2_control_demo_example_6/launch/test_forward_position_controller.launch.py
[0.387s] -- Up-to-date symlink: /home/erdem/control_ws/install/ros2_control_demo_example_6/share/ros2_control_demo_example_6/config/rrbot_forward_position_publisher.yaml
[0.387s] -- Up-to-date symlink: /home/erdem/control_ws/install/ros2_control_demo_example_6/share/ros2_control_demo_example_6/config/rrbot_modular_actuators.yaml
[0.387s] -- Up-to-date symlink: /home/erdem/control_ws/install/ros2_control_demo_example_6/share/ros2_control_demo_example_6/environment/library_path.sh
[0.387s] -- Up-to-date symlink: /home/erdem/control_ws/install/ros2_control_demo_example_6/share/ros2_control_demo_example_6/environment/library_path.dsv
[0.387s] -- Up-to-date symlink: /home/erdem/control_ws/install/ros2_control_demo_example_6/share/ament_index/resource_index/package_run_dependencies/ros2_control_demo_example_6
[0.390s] -- Up-to-date symlink: /home/erdem/control_ws/install/ros2_control_demo_example_6/share/ament_index/resource_index/parent_prefix_path/ros2_control_demo_example_6
[0.390s] -- Up-to-date symlink: /home/erdem/control_ws/install/ros2_control_demo_example_6/share/ros2_control_demo_example_6/environment/ament_prefix_path.sh
[0.395s] -- Up-to-date symlink: /home/erdem/control_ws/install/ros2_control_demo_example_6/share/ros2_control_demo_example_6/environment/ament_prefix_path.dsv
[0.395s] -- Up-to-date symlink: /home/erdem/control_ws/install/ros2_control_demo_example_6/share/ros2_control_demo_example_6/environment/path.sh
[0.395s] -- Up-to-date symlink: /home/erdem/control_ws/install/ros2_control_demo_example_6/share/ros2_control_demo_example_6/environment/path.dsv
[0.396s] -- Up-to-date symlink: /home/erdem/control_ws/install/ros2_control_demo_example_6/share/ros2_control_demo_example_6/local_setup.bash
[0.396s] -- Up-to-date symlink: /home/erdem/control_ws/install/ros2_control_demo_example_6/share/ros2_control_demo_example_6/local_setup.sh
[0.396s] -- Up-to-date symlink: /home/erdem/control_ws/install/ros2_control_demo_example_6/share/ros2_control_demo_example_6/local_setup.zsh
[0.396s] -- Up-to-date symlink: /home/erdem/control_ws/install/ros2_control_demo_example_6/share/ros2_control_demo_example_6/local_setup.dsv
[0.398s] -- Symlinking: /home/erdem/control_ws/install/ros2_control_demo_example_6/share/ros2_control_demo_example_6/package.dsv
[0.410s] -- Up-to-date symlink: /home/erdem/control_ws/install/ros2_control_demo_example_6/share/ament_index/resource_index/packages/ros2_control_demo_example_6
[0.411s] -- Up-to-date symlink: /home/erdem/control_ws/install/ros2_control_demo_example_6/share/ament_index/resource_index/hardware_interface__pluginlib__plugin/ros2_control_demo_example_6
[0.411s] -- Up-to-date symlink: /home/erdem/control_ws/install/ros2_control_demo_example_6/share/ros2_control_demo_example_6/cmake/ament_cmake_export_targets-extras.cmake
[0.411s] -- Up-to-date symlink: /home/erdem/control_ws/install/ros2_control_demo_example_6/share/ros2_control_demo_example_6/cmake/ament_cmake_export_dependencies-extras.cmake
[0.411s] -- Up-to-date symlink: /home/erdem/control_ws/install/ros2_control_demo_example_6/share/ros2_control_demo_example_6/cmake/ros2_control_demo_example_6Config.cmake
[0.412s] -- Up-to-date symlink: /home/erdem/control_ws/install/ros2_control_demo_example_6/share/ros2_control_demo_example_6/cmake/ros2_control_demo_example_6Config-version.cmake
[0.412s] -- Up-to-date symlink: /home/erdem/control_ws/install/ros2_control_demo_example_6/share/ros2_control_demo_example_6/package.xml
[0.413s] -- Up-to-date: /home/erdem/control_ws/install/ros2_control_demo_example_6/lib/libros2_control_demo_example_6.so
[0.413s] -- Up-to-date: /home/erdem/control_ws/install/ros2_control_demo_example_6/share/ros2_control_demo_example_6/cmake/export_ros2_control_demo_example_6Export.cmake
[0.413s] -- Up-to-date: /home/erdem/control_ws/install/ros2_control_demo_example_6/share/ros2_control_demo_example_6/cmake/export_ros2_control_demo_example_6Export-noconfig.cmake
[0.431s] Invoked command in '/home/erdem/control_ws/build/ros2_control_demo_example_6' returned '0': CMAKE_PREFIX_PATH=/home/erdem/control_ws/install/ros2_control_demo_description:/home/erdem/control_ws/install/ros2_control_demos:/home/erdem/control_ws/install/ros2_control_demo_example_9:/home/erdem/control_ws/install/ros2_control_demo_example_8:/home/erdem/control_ws/install/ros2_control_demo_example_7:/home/erdem/control_ws/install/ros2_control_demo_example_6:/home/erdem/control_ws/install/ros2_control_demo_example_5:/home/erdem/control_ws/install/ros2_control_demo_example_4:/home/erdem/control_ws/install/ros2_control_demo_example_3:/home/erdem/control_ws/install/ros2_control_demo_example_2:/home/erdem/control_ws/install/ros2_control_demo_example_1:/opt/ros/humble /usr/bin/cmake --install /home/erdem/control_ws/build/ros2_control_demo_example_6
