[0.019s] Invoking command in '/home/erdem/control_ws/build/ros2_control_demo_description': CMAKE_PREFIX_PATH=${CMAKE_PREFIX_PATH}:/opt/ros/humble /usr/bin/cmake --build /home/erdem/control_ws/build/ros2_control_demo_description -- -j4 -l4
[0.069s] Invoked command in '/home/erdem/control_ws/build/ros2_control_demo_description' returned '0': CMAKE_PREFIX_PATH=${CMAKE_PREFIX_PATH}:/opt/ros/humble /usr/bin/cmake --build /home/erdem/control_ws/build/ros2_control_demo_description -- -j4 -l4
[0.113s] Invoking command in '/home/erdem/control_ws/build/ros2_control_demo_description': CMAKE_PREFIX_PATH=${CMAKE_PREFIX_PATH}:/opt/ros/humble /usr/bin/cmake --install /home/erdem/control_ws/build/ros2_control_demo_description
[0.123s] -- Install configuration: ""
[0.123s] -- Execute custom install script
[0.124s] -- Up-to-date symlink: /home/erdem/control_ws/install/ros2_control_demo_description/share/ros2_control_demo_description/rrbot/urdf/rrbot.materials.xacro
[0.124s] -- Up-to-date symlink: /home/erdem/control_ws/install/ros2_control_demo_description/share/ros2_control_demo_description/rrbot/urdf/rrbot_description.urdf.xacro
[0.125s] -- Up-to-date symlink: /home/erdem/control_ws/install/ros2_control_demo_description/share/ros2_control_demo_description/rrbot/rviz/rrbot.rviz
[0.126s] -- Up-to-date symlink: /home/erdem/control_ws/install/ros2_control_demo_description/share/ros2_control_demo_description/diffbot/urdf/diffbot.materials.xacro
[0.126s] -- Up-to-date symlink: /home/erdem/control_ws/install/ros2_control_demo_description/share/ros2_control_demo_description/diffbot/urdf/diffbot_description.urdf.xacro
[0.126s] -- Up-to-date symlink: /home/erdem/control_ws/install/ros2_control_demo_description/share/ros2_control_demo_description/diffbot/rviz/diffbot.rviz
[0.126s] -- Up-to-date symlink: /home/erdem/control_ws/install/ros2_control_demo_description/share/ros2_control_demo_description/diffbot/rviz/diffbot_view.rviz
[0.127s] -- Up-to-date symlink: /home/erdem/control_ws/install/ros2_control_demo_description/share/ros2_control_demo_description/r6bot/meshes/collision/link_0.stl
[0.128s] -- Up-to-date symlink: /home/erdem/control_ws/install/ros2_control_demo_description/share/ros2_control_demo_description/r6bot/meshes/collision/link_1.stl
[0.128s] -- Up-to-date symlink: /home/erdem/control_ws/install/ros2_control_demo_description/share/ros2_control_demo_description/r6bot/meshes/collision/link_2.stl
[0.128s] -- Up-to-date symlink: /home/erdem/control_ws/install/ros2_control_demo_description/share/ros2_control_demo_description/r6bot/meshes/collision/link_3.stl
[0.128s] -- Up-to-date symlink: /home/erdem/control_ws/install/ros2_control_demo_description/share/ros2_control_demo_description/r6bot/meshes/collision/link_4.stl
[0.128s] -- Up-to-date symlink: /home/erdem/control_ws/install/ros2_control_demo_description/share/ros2_control_demo_description/r6bot/meshes/collision/link_5.stl
[0.129s] -- Up-to-date symlink: /home/erdem/control_ws/install/ros2_control_demo_description/share/ros2_control_demo_description/r6bot/meshes/collision/link_6.stl
[0.129s] -- Up-to-date symlink: /home/erdem/control_ws/install/ros2_control_demo_description/share/ros2_control_demo_description/r6bot/meshes/visual/link_0.dae
[0.129s] -- Up-to-date symlink: /home/erdem/control_ws/install/ros2_control_demo_description/share/ros2_control_demo_description/r6bot/meshes/visual/link_1.dae
[0.130s] -- Up-to-date symlink: /home/erdem/control_ws/install/ros2_control_demo_description/share/ros2_control_demo_description/r6bot/meshes/visual/link_2.dae
[0.130s] -- Up-to-date symlink: /home/erdem/control_ws/install/ros2_control_demo_description/share/ros2_control_demo_description/r6bot/meshes/visual/link_3.dae
[0.130s] -- Up-to-date symlink: /home/erdem/control_ws/install/ros2_control_demo_description/share/ros2_control_demo_description/r6bot/meshes/visual/link_4.dae
[0.130s] -- Up-to-date symlink: /home/erdem/control_ws/install/ros2_control_demo_description/share/ros2_control_demo_description/r6bot/meshes/visual/link_5.dae
[0.130s] -- Up-to-date symlink: /home/erdem/control_ws/install/ros2_control_demo_description/share/ros2_control_demo_description/r6bot/meshes/visual/link_6.dae
[0.131s] -- Up-to-date symlink: /home/erdem/control_ws/install/ros2_control_demo_description/share/ros2_control_demo_description/r6bot/srdf/r6bot.srdf
[0.131s] -- Up-to-date symlink: /home/erdem/control_ws/install/ros2_control_demo_description/share/ros2_control_demo_description/r6bot/urdf/inc/create_link.xacro
[0.131s] -- Up-to-date symlink: /home/erdem/control_ws/install/ros2_control_demo_description/share/ros2_control_demo_description/r6bot/urdf/r6bot_description.urdf.xacro
[0.132s] -- Up-to-date symlink: /home/erdem/control_ws/install/ros2_control_demo_description/share/ros2_control_demo_description/r6bot/rviz/view_robot.rviz
[0.132s] -- Up-to-date symlink: /home/erdem/control_ws/install/ros2_control_demo_description/share/ament_index/resource_index/package_run_dependencies/ros2_control_demo_description
[0.132s] -- Up-to-date symlink: /home/erdem/control_ws/install/ros2_control_demo_description/share/ament_index/resource_index/parent_prefix_path/ros2_control_demo_description
[0.134s] -- Up-to-date symlink: /home/erdem/control_ws/install/ros2_control_demo_description/share/ros2_control_demo_description/environment/ament_prefix_path.sh
[0.134s] -- Up-to-date symlink: /home/erdem/control_ws/install/ros2_control_demo_description/share/ros2_control_demo_description/environment/ament_prefix_path.dsv
[0.135s] -- Up-to-date symlink: /home/erdem/control_ws/install/ros2_control_demo_description/share/ros2_control_demo_description/environment/path.sh
[0.135s] -- Up-to-date symlink: /home/erdem/control_ws/install/ros2_control_demo_description/share/ros2_control_demo_description/environment/path.dsv
[0.135s] -- Up-to-date symlink: /home/erdem/control_ws/install/ros2_control_demo_description/share/ros2_control_demo_description/local_setup.bash
[0.135s] -- Up-to-date symlink: /home/erdem/control_ws/install/ros2_control_demo_description/share/ros2_control_demo_description/local_setup.sh
[0.135s] -- Up-to-date symlink: /home/erdem/control_ws/install/ros2_control_demo_description/share/ros2_control_demo_description/local_setup.zsh
[0.136s] -- Up-to-date symlink: /home/erdem/control_ws/install/ros2_control_demo_description/share/ros2_control_demo_description/local_setup.dsv
[0.136s] -- Symlinking: /home/erdem/control_ws/install/ros2_control_demo_description/share/ros2_control_demo_description/package.dsv
[0.149s] -- Up-to-date symlink: /home/erdem/control_ws/install/ros2_control_demo_description/share/ament_index/resource_index/packages/ros2_control_demo_description
[0.149s] -- Up-to-date symlink: /home/erdem/control_ws/install/ros2_control_demo_description/share/ros2_control_demo_description/cmake/ros2_control_demo_descriptionConfig.cmake
[0.150s] -- Up-to-date symlink: /home/erdem/control_ws/install/ros2_control_demo_description/share/ros2_control_demo_description/cmake/ros2_control_demo_descriptionConfig-version.cmake
[0.150s] -- Up-to-date symlink: /home/erdem/control_ws/install/ros2_control_demo_description/share/ros2_control_demo_description/package.xml
[0.154s] Invoked command in '/home/erdem/control_ws/build/ros2_control_demo_description' returned '0': CMAKE_PREFIX_PATH=${CMAKE_PREFIX_PATH}:/opt/ros/humble /usr/bin/cmake --install /home/erdem/control_ws/build/ros2_control_demo_description
