[0.046s] Invoking command in '/home/erdem/control_ws/build/ros2_control_demo_example_5': AMENT_PREFIX_PATH=/home/erdem/control_ws/install/ros2_control_demo_description:${AMENT_PREFIX_PATH} CMAKE_PREFIX_PATH=/home/erdem/control_ws/install/ros2_control_demo_description:/opt/ros/humble /usr/bin/cmake /home/erdem/control_ws/src/example_5 -DAMENT_CMAKE_SYMLINK_INSTALL=1 -DCMAKE_INSTALL_PREFIX=/home/erdem/control_ws/install/ros2_control_demo_example_5
[0.171s] -- The CXX compiler identification is GNU 11.4.0
[0.187s] -- Detecting CXX compiler ABI info
[0.339s] -- Detecting CXX compiler ABI info - done
[0.358s] -- Check for working CXX compiler: /usr/bin/c++ - skipped
[0.359s] -- Detecting CXX compile features
[0.360s] -- Detecting CXX compile features - done
[0.364s] -- Found ament_cmake: 1.3.5 (/opt/ros/humble/share/ament_cmake/cmake)
[0.710s] -- Found Python3: /usr/bin/python3.10 (found version "3.10.12") found components: Interpreter 
[0.842s] -- Override CMake install command with custom implementation using symlinks instead of copying resources
[0.889s] -- Found hardware_interface: 2.30.0 (/opt/ros/humble/share/hardware_interface/cmake)
[0.969s] -- Found rosidl_generator_c: 3.1.5 (/opt/ros/humble/share/rosidl_generator_c/cmake)
[0.979s] -- Found rosidl_adapter: 3.1.5 (/opt/ros/humble/share/rosidl_adapter/cmake)
[0.996s] -- Found rosidl_generator_cpp: 3.1.5 (/opt/ros/humble/share/rosidl_generator_cpp/cmake)
[1.028s] -- Using all available rosidl_typesupport_c: rosidl_typesupport_fastrtps_c;rosidl_typesupport_introspection_c
[1.075s] -- Using all available rosidl_typesupport_cpp: rosidl_typesupport_fastrtps_cpp;rosidl_typesupport_introspection_cpp
[2.647s] -- Found rmw_implementation_cmake: 6.1.1 (/opt/ros/humble/share/rmw_implementation_cmake/cmake)
[2.648s] -- Found rmw_fastrtps_cpp: 6.2.3 (/opt/ros/humble/share/rmw_fastrtps_cpp/cmake)
[2.847s] -- Found OpenSSL: /usr/lib/x86_64-linux-gnu/libcrypto.so (found version "3.0.2")  
[2.910s] -- Found FastRTPS: /opt/ros/humble/include  
[3.024s] -- Using RMW implementation 'rmw_fastrtps_cpp' as default
[3.047s] -- Looking for C++ include pthread.h
[3.210s] -- Looking for C++ include pthread.h - found
[3.210s] -- Performing Test CMAKE_HAVE_LIBC_PTHREAD
[3.378s] -- Performing Test CMAKE_HAVE_LIBC_PTHREAD - Success
[3.380s] -- Found Threads: TRUE  
[3.927s] -- Found ament_cmake_gtest: 1.3.5 (/opt/ros/humble/share/ament_cmake_gtest/cmake)
[4.056s] -- Configuring done
[4.110s] -- Generating done
[4.114s] -- Build files have been written to: /home/erdem/control_ws/build/ros2_control_demo_example_5
[4.132s] Invoked command in '/home/erdem/control_ws/build/ros2_control_demo_example_5' returned '0': AMENT_PREFIX_PATH=/home/erdem/control_ws/install/ros2_control_demo_description:${AMENT_PREFIX_PATH} CMAKE_PREFIX_PATH=/home/erdem/control_ws/install/ros2_control_demo_description:/opt/ros/humble /usr/bin/cmake /home/erdem/control_ws/src/example_5 -DAMENT_CMAKE_SYMLINK_INSTALL=1 -DCMAKE_INSTALL_PREFIX=/home/erdem/control_ws/install/ros2_control_demo_example_5
[4.133s] Invoking command in '/home/erdem/control_ws/build/ros2_control_demo_example_5': AMENT_PREFIX_PATH=/home/erdem/control_ws/install/ros2_control_demo_description:${AMENT_PREFIX_PATH} CMAKE_PREFIX_PATH=/home/erdem/control_ws/install/ros2_control_demo_description:/opt/ros/humble /usr/bin/cmake --build /home/erdem/control_ws/build/ros2_control_demo_example_5 -- -j4 -l4
[4.216s] [ 33%] [32mBuilding CXX object CMakeFiles/ros2_control_demo_example_5.dir/hardware/external_rrbot_force_torque_sensor.cpp.o[0m
[4.229s] [ 66%] [32mBuilding CXX object CMakeFiles/ros2_control_demo_example_5.dir/hardware/rrbot.cpp.o[0m
[12.912s] [100%] [32m[1mLinking CXX shared library libros2_control_demo_example_5.so[0m
[13.318s] [100%] Built target ros2_control_demo_example_5
[13.338s] Invoked command in '/home/erdem/control_ws/build/ros2_control_demo_example_5' returned '0': AMENT_PREFIX_PATH=/home/erdem/control_ws/install/ros2_control_demo_description:${AMENT_PREFIX_PATH} CMAKE_PREFIX_PATH=/home/erdem/control_ws/install/ros2_control_demo_description:/opt/ros/humble /usr/bin/cmake --build /home/erdem/control_ws/build/ros2_control_demo_example_5 -- -j4 -l4
[13.421s] Invoking command in '/home/erdem/control_ws/build/ros2_control_demo_example_5': AMENT_PREFIX_PATH=/home/erdem/control_ws/install/ros2_control_demo_description:${AMENT_PREFIX_PATH} CMAKE_PREFIX_PATH=/home/erdem/control_ws/install/ros2_control_demo_description:/opt/ros/humble /usr/bin/cmake --install /home/erdem/control_ws/build/ros2_control_demo_example_5
[13.433s] -- Install configuration: ""
[13.434s] -- Execute custom install script
[13.435s] -- Symlinking: /home/erdem/control_ws/install/ros2_control_demo_example_5/share/ros2_control_demo_example_5//ros2_control_demo_example_5.xml
[13.454s] -- Symlinking: /home/erdem/control_ws/install/ros2_control_demo_example_5/include/ros2_control_demo_example_5/ros2_control_demo_example_5/external_rrbot_force_torque_sensor.hpp
[13.472s] -- Symlinking: /home/erdem/control_ws/install/ros2_control_demo_example_5/include/ros2_control_demo_example_5/ros2_control_demo_example_5/rrbot.hpp
[13.489s] -- Symlinking: /home/erdem/control_ws/install/ros2_control_demo_example_5/include/ros2_control_demo_example_5/ros2_control_demo_example_5/visibility_control.h
[13.502s] -- Symlinking: /home/erdem/control_ws/install/ros2_control_demo_example_5/share/ros2_control_demo_example_5/launch/view_robot.launch.py
[13.517s] -- Symlinking: /home/erdem/control_ws/install/ros2_control_demo_example_5/share/ros2_control_demo_example_5/ros2_control/external_rrbot_force_torque_sensor.ros2_control.xacro
[13.531s] -- Symlinking: /home/erdem/control_ws/install/ros2_control_demo_example_5/share/ros2_control_demo_example_5/ros2_control/rrbot_system_position_only.ros2_control.xacro
[13.545s] -- Symlinking: /home/erdem/control_ws/install/ros2_control_demo_example_5/share/ros2_control_demo_example_5/urdf/rrbot_system_with_external_sensor.urdf.xacro
[13.560s] -- Symlinking: /home/erdem/control_ws/install/ros2_control_demo_example_5/share/ros2_control_demo_example_5/rviz/rrbot.rviz
[13.576s] -- Symlinking: /home/erdem/control_ws/install/ros2_control_demo_example_5/share/ros2_control_demo_example_5/launch/rrbot_system_with_external_sensor.launch.py
[13.589s] -- Symlinking: /home/erdem/control_ws/install/ros2_control_demo_example_5/share/ros2_control_demo_example_5/launch/test_forward_position_controller.launch.py
[13.599s] -- Symlinking: /home/erdem/control_ws/install/ros2_control_demo_example_5/share/ros2_control_demo_example_5/config/rrbot_forward_position_publisher.yaml
[13.609s] -- Symlinking: /home/erdem/control_ws/install/ros2_control_demo_example_5/share/ros2_control_demo_example_5/config/rrbot_with_external_sensor_controllers.yaml
[13.622s] -- Symlinking: /home/erdem/control_ws/install/ros2_control_demo_example_5/share/ros2_control_demo_example_5/environment/library_path.sh
[13.634s] -- Symlinking: /home/erdem/control_ws/install/ros2_control_demo_example_5/share/ros2_control_demo_example_5/environment/library_path.dsv
[13.653s] -- Symlinking: /home/erdem/control_ws/install/ros2_control_demo_example_5/share/ament_index/resource_index/package_run_dependencies/ros2_control_demo_example_5
[13.666s] -- Symlinking: /home/erdem/control_ws/install/ros2_control_demo_example_5/share/ament_index/resource_index/parent_prefix_path/ros2_control_demo_example_5
[13.679s] -- Symlinking: /home/erdem/control_ws/install/ros2_control_demo_example_5/share/ros2_control_demo_example_5/environment/ament_prefix_path.sh
[13.694s] -- Symlinking: /home/erdem/control_ws/install/ros2_control_demo_example_5/share/ros2_control_demo_example_5/environment/ament_prefix_path.dsv
[13.707s] -- Symlinking: /home/erdem/control_ws/install/ros2_control_demo_example_5/share/ros2_control_demo_example_5/environment/path.sh
[13.721s] -- Symlinking: /home/erdem/control_ws/install/ros2_control_demo_example_5/share/ros2_control_demo_example_5/environment/path.dsv
[13.734s] -- Symlinking: /home/erdem/control_ws/install/ros2_control_demo_example_5/share/ros2_control_demo_example_5/local_setup.bash
[13.747s] -- Symlinking: /home/erdem/control_ws/install/ros2_control_demo_example_5/share/ros2_control_demo_example_5/local_setup.sh
[13.762s] -- Symlinking: /home/erdem/control_ws/install/ros2_control_demo_example_5/share/ros2_control_demo_example_5/local_setup.zsh
[13.775s] -- Symlinking: /home/erdem/control_ws/install/ros2_control_demo_example_5/share/ros2_control_demo_example_5/local_setup.dsv
[13.790s] -- Symlinking: /home/erdem/control_ws/install/ros2_control_demo_example_5/share/ros2_control_demo_example_5/package.dsv
[13.804s] -- Symlinking: /home/erdem/control_ws/install/ros2_control_demo_example_5/share/ament_index/resource_index/packages/ros2_control_demo_example_5
[13.815s] -- Symlinking: /home/erdem/control_ws/install/ros2_control_demo_example_5/share/ament_index/resource_index/hardware_interface__pluginlib__plugin/ros2_control_demo_example_5
[13.829s] -- Symlinking: /home/erdem/control_ws/install/ros2_control_demo_example_5/share/ros2_control_demo_example_5/cmake/ament_cmake_export_targets-extras.cmake
[13.843s] -- Symlinking: /home/erdem/control_ws/install/ros2_control_demo_example_5/share/ros2_control_demo_example_5/cmake/ament_cmake_export_dependencies-extras.cmake
[13.859s] -- Symlinking: /home/erdem/control_ws/install/ros2_control_demo_example_5/share/ros2_control_demo_example_5/cmake/ros2_control_demo_example_5Config.cmake
[13.873s] -- Symlinking: /home/erdem/control_ws/install/ros2_control_demo_example_5/share/ros2_control_demo_example_5/cmake/ros2_control_demo_example_5Config-version.cmake
[13.884s] -- Symlinking: /home/erdem/control_ws/install/ros2_control_demo_example_5/share/ros2_control_demo_example_5/package.xml
[13.896s] -- Installing: /home/erdem/control_ws/install/ros2_control_demo_example_5/lib/libros2_control_demo_example_5.so
[13.898s] -- Set runtime path of "/home/erdem/control_ws/install/ros2_control_demo_example_5/lib/libros2_control_demo_example_5.so" to ""
[13.898s] -- Installing: /home/erdem/control_ws/install/ros2_control_demo_example_5/share/ros2_control_demo_example_5/cmake/export_ros2_control_demo_example_5Export.cmake
[13.898s] -- Installing: /home/erdem/control_ws/install/ros2_control_demo_example_5/share/ros2_control_demo_example_5/cmake/export_ros2_control_demo_example_5Export-noconfig.cmake
[13.905s] Invoked command in '/home/erdem/control_ws/build/ros2_control_demo_example_5' returned '0': AMENT_PREFIX_PATH=/home/erdem/control_ws/install/ros2_control_demo_description:${AMENT_PREFIX_PATH} CMAKE_PREFIX_PATH=/home/erdem/control_ws/install/ros2_control_demo_description:/opt/ros/humble /usr/bin/cmake --install /home/erdem/control_ws/build/ros2_control_demo_example_5
