[0.028s] Invoking command in '/home/erdem/control_ws/build/ros2_control_demo_example_2': AMENT_PREFIX_PATH=/home/erdem/control_ws/install/ros2_control_demo_description:${AMENT_PREFIX_PATH} CMAKE_PREFIX_PATH=/home/erdem/control_ws/install/ros2_control_demo_description:/opt/ros/humble /usr/bin/cmake /home/erdem/control_ws/src/example_2 -DAMENT_CMAKE_SYMLINK_INSTALL=1 -DCMAKE_INSTALL_PREFIX=/home/erdem/control_ws/install/ros2_control_demo_example_2
[0.159s] -- The CXX compiler identification is GNU 11.4.0
[0.171s] -- Detecting CXX compiler ABI info
[0.325s] -- Detecting CXX compiler ABI info - done
[0.348s] -- Check for working CXX compiler: /usr/bin/c++ - skipped
[0.348s] -- Detecting CXX compile features
[0.349s] -- Detecting CXX compile features - done
[0.352s] -- Found ament_cmake: 1.3.5 (/opt/ros/humble/share/ament_cmake/cmake)
[0.693s] -- Found Python3: /usr/bin/python3.10 (found version "3.10.12") found components: Interpreter 
[0.816s] -- Override CMake install command with custom implementation using symlinks instead of copying resources
[0.863s] -- Found hardware_interface: 2.30.0 (/opt/ros/humble/share/hardware_interface/cmake)
[0.940s] -- Found rosidl_generator_c: 3.1.5 (/opt/ros/humble/share/rosidl_generator_c/cmake)
[0.950s] -- Found rosidl_adapter: 3.1.5 (/opt/ros/humble/share/rosidl_adapter/cmake)
[0.968s] -- Found rosidl_generator_cpp: 3.1.5 (/opt/ros/humble/share/rosidl_generator_cpp/cmake)
[0.997s] -- Using all available rosidl_typesupport_c: rosidl_typesupport_fastrtps_c;rosidl_typesupport_introspection_c
[1.039s] -- Using all available rosidl_typesupport_cpp: rosidl_typesupport_fastrtps_cpp;rosidl_typesupport_introspection_cpp
[2.669s] -- Found rmw_implementation_cmake: 6.1.1 (/opt/ros/humble/share/rmw_implementation_cmake/cmake)
[2.675s] -- Found rmw_fastrtps_cpp: 6.2.3 (/opt/ros/humble/share/rmw_fastrtps_cpp/cmake)
[2.889s] -- Found OpenSSL: /usr/lib/x86_64-linux-gnu/libcrypto.so (found version "3.0.2")  
[2.945s] -- Found FastRTPS: /opt/ros/humble/include  
[3.048s] -- Using RMW implementation 'rmw_fastrtps_cpp' as default
[3.068s] -- Looking for C++ include pthread.h
[3.231s] -- Looking for C++ include pthread.h - found
[3.232s] -- Performing Test CMAKE_HAVE_LIBC_PTHREAD
[3.392s] -- Performing Test CMAKE_HAVE_LIBC_PTHREAD - Success
[3.394s] -- Found Threads: TRUE  
[3.951s] -- Found ament_cmake_gtest: 1.3.5 (/opt/ros/humble/share/ament_cmake_gtest/cmake)
[4.118s] -- Configuring done
[4.186s] -- Generating done
[4.190s] -- Build files have been written to: /home/erdem/control_ws/build/ros2_control_demo_example_2
[4.214s] Invoked command in '/home/erdem/control_ws/build/ros2_control_demo_example_2' returned '0': AMENT_PREFIX_PATH=/home/erdem/control_ws/install/ros2_control_demo_description:${AMENT_PREFIX_PATH} CMAKE_PREFIX_PATH=/home/erdem/control_ws/install/ros2_control_demo_description:/opt/ros/humble /usr/bin/cmake /home/erdem/control_ws/src/example_2 -DAMENT_CMAKE_SYMLINK_INSTALL=1 -DCMAKE_INSTALL_PREFIX=/home/erdem/control_ws/install/ros2_control_demo_example_2
[4.217s] Invoking command in '/home/erdem/control_ws/build/ros2_control_demo_example_2': AMENT_PREFIX_PATH=/home/erdem/control_ws/install/ros2_control_demo_description:${AMENT_PREFIX_PATH} CMAKE_PREFIX_PATH=/home/erdem/control_ws/install/ros2_control_demo_description:/opt/ros/humble /usr/bin/cmake --build /home/erdem/control_ws/build/ros2_control_demo_example_2 -- -j4 -l4
[4.311s] [ 50%] [32mBuilding CXX object CMakeFiles/ros2_control_demo_example_2.dir/hardware/diffbot_system.cpp.o[0m
[11.129s] [100%] [32m[1mLinking CXX shared library libros2_control_demo_example_2.so[0m
[11.617s] [100%] Built target ros2_control_demo_example_2
[11.636s] Invoked command in '/home/erdem/control_ws/build/ros2_control_demo_example_2' returned '0': AMENT_PREFIX_PATH=/home/erdem/control_ws/install/ros2_control_demo_description:${AMENT_PREFIX_PATH} CMAKE_PREFIX_PATH=/home/erdem/control_ws/install/ros2_control_demo_description:/opt/ros/humble /usr/bin/cmake --build /home/erdem/control_ws/build/ros2_control_demo_example_2 -- -j4 -l4
[11.680s] Invoking command in '/home/erdem/control_ws/build/ros2_control_demo_example_2': AMENT_PREFIX_PATH=/home/erdem/control_ws/install/ros2_control_demo_description:${AMENT_PREFIX_PATH} CMAKE_PREFIX_PATH=/home/erdem/control_ws/install/ros2_control_demo_description:/opt/ros/humble /usr/bin/cmake --install /home/erdem/control_ws/build/ros2_control_demo_example_2
[11.694s] -- Install configuration: ""
[11.695s] -- Execute custom install script
[11.697s] -- Symlinking: /home/erdem/control_ws/install/ros2_control_demo_example_2/share/ros2_control_demo_example_2//ros2_control_demo_example_2.xml
[11.715s] -- Symlinking: /home/erdem/control_ws/install/ros2_control_demo_example_2/include/ros2_control_demo_example_2/ros2_control_demo_example_2/diffbot_system.hpp
[11.730s] -- Symlinking: /home/erdem/control_ws/install/ros2_control_demo_example_2/include/ros2_control_demo_example_2/ros2_control_demo_example_2/visibility_control.h
[11.745s] -- Symlinking: /home/erdem/control_ws/install/ros2_control_demo_example_2/share/ros2_control_demo_example_2/launch/view_robot.launch.py
[11.760s] -- Symlinking: /home/erdem/control_ws/install/ros2_control_demo_example_2/share/ros2_control_demo_example_2/ros2_control/diffbot.ros2_control.xacro
[11.776s] -- Symlinking: /home/erdem/control_ws/install/ros2_control_demo_example_2/share/ros2_control_demo_example_2/urdf/diffbot.urdf.xacro
[11.791s] -- Symlinking: /home/erdem/control_ws/install/ros2_control_demo_example_2/share/ros2_control_demo_example_2/launch/diffbot.launch.py
[11.807s] -- Symlinking: /home/erdem/control_ws/install/ros2_control_demo_example_2/share/ros2_control_demo_example_2/config/diffbot_controllers.yaml
[11.823s] -- Symlinking: /home/erdem/control_ws/install/ros2_control_demo_example_2/share/ros2_control_demo_example_2/environment/library_path.sh
[11.841s] -- Symlinking: /home/erdem/control_ws/install/ros2_control_demo_example_2/share/ros2_control_demo_example_2/environment/library_path.dsv
[11.857s] -- Symlinking: /home/erdem/control_ws/install/ros2_control_demo_example_2/share/ament_index/resource_index/package_run_dependencies/ros2_control_demo_example_2
[11.873s] -- Symlinking: /home/erdem/control_ws/install/ros2_control_demo_example_2/share/ament_index/resource_index/parent_prefix_path/ros2_control_demo_example_2
[11.889s] -- Symlinking: /home/erdem/control_ws/install/ros2_control_demo_example_2/share/ros2_control_demo_example_2/environment/ament_prefix_path.sh
[11.906s] -- Symlinking: /home/erdem/control_ws/install/ros2_control_demo_example_2/share/ros2_control_demo_example_2/environment/ament_prefix_path.dsv
[11.922s] -- Symlinking: /home/erdem/control_ws/install/ros2_control_demo_example_2/share/ros2_control_demo_example_2/environment/path.sh
[11.937s] -- Symlinking: /home/erdem/control_ws/install/ros2_control_demo_example_2/share/ros2_control_demo_example_2/environment/path.dsv
[11.952s] -- Symlinking: /home/erdem/control_ws/install/ros2_control_demo_example_2/share/ros2_control_demo_example_2/local_setup.bash
[11.968s] -- Symlinking: /home/erdem/control_ws/install/ros2_control_demo_example_2/share/ros2_control_demo_example_2/local_setup.sh
[11.984s] -- Symlinking: /home/erdem/control_ws/install/ros2_control_demo_example_2/share/ros2_control_demo_example_2/local_setup.zsh
[12.000s] -- Symlinking: /home/erdem/control_ws/install/ros2_control_demo_example_2/share/ros2_control_demo_example_2/local_setup.dsv
[12.015s] -- Symlinking: /home/erdem/control_ws/install/ros2_control_demo_example_2/share/ros2_control_demo_example_2/package.dsv
[12.039s] -- Symlinking: /home/erdem/control_ws/install/ros2_control_demo_example_2/share/ament_index/resource_index/packages/ros2_control_demo_example_2
[12.048s] -- Symlinking: /home/erdem/control_ws/install/ros2_control_demo_example_2/share/ament_index/resource_index/hardware_interface__pluginlib__plugin/ros2_control_demo_example_2
[12.063s] -- Symlinking: /home/erdem/control_ws/install/ros2_control_demo_example_2/share/ros2_control_demo_example_2/cmake/ament_cmake_export_targets-extras.cmake
[12.079s] -- Symlinking: /home/erdem/control_ws/install/ros2_control_demo_example_2/share/ros2_control_demo_example_2/cmake/ament_cmake_export_dependencies-extras.cmake
[12.094s] -- Symlinking: /home/erdem/control_ws/install/ros2_control_demo_example_2/share/ros2_control_demo_example_2/cmake/ros2_control_demo_example_2Config.cmake
[12.111s] -- Symlinking: /home/erdem/control_ws/install/ros2_control_demo_example_2/share/ros2_control_demo_example_2/cmake/ros2_control_demo_example_2Config-version.cmake
[12.127s] -- Symlinking: /home/erdem/control_ws/install/ros2_control_demo_example_2/share/ros2_control_demo_example_2/package.xml
[12.145s] -- Installing: /home/erdem/control_ws/install/ros2_control_demo_example_2/lib/libros2_control_demo_example_2.so
[12.146s] -- Set runtime path of "/home/erdem/control_ws/install/ros2_control_demo_example_2/lib/libros2_control_demo_example_2.so" to ""
[12.146s] -- Installing: /home/erdem/control_ws/install/ros2_control_demo_example_2/share/ros2_control_demo_example_2/cmake/export_ros2_control_demo_example_2Export.cmake
[12.146s] -- Installing: /home/erdem/control_ws/install/ros2_control_demo_example_2/share/ros2_control_demo_example_2/cmake/export_ros2_control_demo_example_2Export-noconfig.cmake
[12.155s] Invoked command in '/home/erdem/control_ws/build/ros2_control_demo_example_2' returned '0': AMENT_PREFIX_PATH=/home/erdem/control_ws/install/ros2_control_demo_description:${AMENT_PREFIX_PATH} CMAKE_PREFIX_PATH=/home/erdem/control_ws/install/ros2_control_demo_description:/opt/ros/humble /usr/bin/cmake --install /home/erdem/control_ws/build/ros2_control_demo_example_2
