[0.028s] Invoking command in '/home/erdem/control_ws/build/ros2_control_demo_example_6': AMENT_PREFIX_PATH=/home/erdem/control_ws/install/ros2_control_demo_description:${AMENT_PREFIX_PATH} CMAKE_PREFIX_PATH=/home/erdem/control_ws/install/ros2_control_demo_description:/opt/ros/humble /usr/bin/cmake --build /home/erdem/control_ws/build/ros2_control_demo_example_6 -- -j4 -l4
[0.113s] [35m[1mConsolidate compiler generated dependencies of target ros2_control_demo_example_6[0m
[0.159s] [100%] Built target ros2_control_demo_example_6
[0.193s] Invoked command in '/home/erdem/control_ws/build/ros2_control_demo_example_6' returned '0': AMENT_PREFIX_PATH=/home/erdem/control_ws/install/ros2_control_demo_description:${AMENT_PREFIX_PATH} CMAKE_PREFIX_PATH=/home/erdem/control_ws/install/ros2_control_demo_description:/opt/ros/humble /usr/bin/cmake --build /home/erdem/control_ws/build/ros2_control_demo_example_6 -- -j4 -l4
[0.376s] Invoking command in '/home/erdem/control_ws/build/ros2_control_demo_example_6': AMENT_PREFIX_PATH=/home/erdem/control_ws/install/ros2_control_demo_description:${AMENT_PREFIX_PATH} CMAKE_PREFIX_PATH=/home/erdem/control_ws/install/ros2_control_demo_description:/opt/ros/humble /usr/bin/cmake --install /home/erdem/control_ws/build/ros2_control_demo_example_6
[0.391s] -- Install configuration: ""
[0.392s] -- Execute custom install script
[0.392s] -- Up-to-date symlink: /home/erdem/control_ws/install/ros2_control_demo_example_6/share/ros2_control_demo_example_6//ros2_control_demo_example_6.xml
[0.393s] -- Up-to-date symlink: /home/erdem/control_ws/install/ros2_control_demo_example_6/include/ros2_control_demo_example_6/ros2_control_demo_example_6/rrbot_actuator.hpp
[0.394s] -- Up-to-date symlink: /home/erdem/control_ws/install/ros2_control_demo_example_6/include/ros2_control_demo_example_6/ros2_control_demo_example_6/visibility_control.h
[0.394s] -- Up-to-date symlink: /home/erdem/control_ws/install/ros2_control_demo_example_6/share/ros2_control_demo_example_6/launch/view_robot.launch.py
[0.395s] -- Up-to-date symlink: /home/erdem/control_ws/install/ros2_control_demo_example_6/share/ros2_control_demo_example_6/ros2_control/rrbot_modular_actuators.ros2_control.xacro
[0.396s] -- Up-to-date symlink: /home/erdem/control_ws/install/ros2_control_demo_example_6/share/ros2_control_demo_example_6/urdf/rrbot_modular_actuators.urdf.xacro
[0.396s] -- Up-to-date symlink: /home/erdem/control_ws/install/ros2_control_demo_example_6/share/ros2_control_demo_example_6/launch/rrbot_modular_actuators.launch.py
[0.397s] -- Up-to-date symlink: /home/erdem/control_ws/install/ros2_control_demo_example_6/share/ros2_control_demo_example_6/launch/test_forward_position_controller.launch.py
[0.398s] -- Up-to-date symlink: /home/erdem/control_ws/install/ros2_control_demo_example_6/share/ros2_control_demo_example_6/config/rrbot_forward_position_publisher.yaml
[0.398s] -- Up-to-date symlink: /home/erdem/control_ws/install/ros2_control_demo_example_6/share/ros2_control_demo_example_6/config/rrbot_modular_actuators.yaml
[0.399s] -- Up-to-date symlink: /home/erdem/control_ws/install/ros2_control_demo_example_6/share/ros2_control_demo_example_6/environment/library_path.sh
[0.400s] -- Up-to-date symlink: /home/erdem/control_ws/install/ros2_control_demo_example_6/share/ros2_control_demo_example_6/environment/library_path.dsv
[0.400s] -- Up-to-date symlink: /home/erdem/control_ws/install/ros2_control_demo_example_6/share/ament_index/resource_index/package_run_dependencies/ros2_control_demo_example_6
[0.401s] -- Up-to-date symlink: /home/erdem/control_ws/install/ros2_control_demo_example_6/share/ament_index/resource_index/parent_prefix_path/ros2_control_demo_example_6
[0.401s] -- Up-to-date symlink: /home/erdem/control_ws/install/ros2_control_demo_example_6/share/ros2_control_demo_example_6/environment/ament_prefix_path.sh
[0.402s] -- Up-to-date symlink: /home/erdem/control_ws/install/ros2_control_demo_example_6/share/ros2_control_demo_example_6/environment/ament_prefix_path.dsv
[0.402s] -- Up-to-date symlink: /home/erdem/control_ws/install/ros2_control_demo_example_6/share/ros2_control_demo_example_6/environment/path.sh
[0.403s] -- Up-to-date symlink: /home/erdem/control_ws/install/ros2_control_demo_example_6/share/ros2_control_demo_example_6/environment/path.dsv
[0.404s] -- Up-to-date symlink: /home/erdem/control_ws/install/ros2_control_demo_example_6/share/ros2_control_demo_example_6/local_setup.bash
[0.404s] -- Up-to-date symlink: /home/erdem/control_ws/install/ros2_control_demo_example_6/share/ros2_control_demo_example_6/local_setup.sh
[0.405s] -- Up-to-date symlink: /home/erdem/control_ws/install/ros2_control_demo_example_6/share/ros2_control_demo_example_6/local_setup.zsh
[0.405s] -- Up-to-date symlink: /home/erdem/control_ws/install/ros2_control_demo_example_6/share/ros2_control_demo_example_6/local_setup.dsv
[0.406s] -- Symlinking: /home/erdem/control_ws/install/ros2_control_demo_example_6/share/ros2_control_demo_example_6/package.dsv
[0.439s] -- Up-to-date symlink: /home/erdem/control_ws/install/ros2_control_demo_example_6/share/ament_index/resource_index/packages/ros2_control_demo_example_6
[0.439s] -- Up-to-date symlink: /home/erdem/control_ws/install/ros2_control_demo_example_6/share/ament_index/resource_index/hardware_interface__pluginlib__plugin/ros2_control_demo_example_6
[0.439s] -- Up-to-date symlink: /home/erdem/control_ws/install/ros2_control_demo_example_6/share/ros2_control_demo_example_6/cmake/ament_cmake_export_targets-extras.cmake
[0.439s] -- Up-to-date symlink: /home/erdem/control_ws/install/ros2_control_demo_example_6/share/ros2_control_demo_example_6/cmake/ament_cmake_export_dependencies-extras.cmake
[0.440s] -- Up-to-date symlink: /home/erdem/control_ws/install/ros2_control_demo_example_6/share/ros2_control_demo_example_6/cmake/ros2_control_demo_example_6Config.cmake
[0.440s] -- Up-to-date symlink: /home/erdem/control_ws/install/ros2_control_demo_example_6/share/ros2_control_demo_example_6/cmake/ros2_control_demo_example_6Config-version.cmake
[0.440s] -- Up-to-date symlink: /home/erdem/control_ws/install/ros2_control_demo_example_6/share/ros2_control_demo_example_6/package.xml
[0.441s] -- Up-to-date: /home/erdem/control_ws/install/ros2_control_demo_example_6/lib/libros2_control_demo_example_6.so
[0.441s] -- Up-to-date: /home/erdem/control_ws/install/ros2_control_demo_example_6/share/ros2_control_demo_example_6/cmake/export_ros2_control_demo_example_6Export.cmake
[0.441s] -- Up-to-date: /home/erdem/control_ws/install/ros2_control_demo_example_6/share/ros2_control_demo_example_6/cmake/export_ros2_control_demo_example_6Export-noconfig.cmake
[0.453s] Invoked command in '/home/erdem/control_ws/build/ros2_control_demo_example_6' returned '0': AMENT_PREFIX_PATH=/home/erdem/control_ws/install/ros2_control_demo_description:${AMENT_PREFIX_PATH} CMAKE_PREFIX_PATH=/home/erdem/control_ws/install/ros2_control_demo_description:/opt/ros/humble /usr/bin/cmake --install /home/erdem/control_ws/build/ros2_control_demo_example_6
