[0.113s] Invoking command in '/home/erdem/control_ws/build/ros2_control_demo_example_5': AMENT_PREFIX_PATH=/home/erdem/control_ws/install/ros2_control_demo_description:${AMENT_PREFIX_PATH} CMAKE_PREFIX_PATH=/home/erdem/control_ws/install/ros2_control_demo_description:/opt/ros/humble /usr/bin/cmake --build /home/erdem/control_ws/build/ros2_control_demo_example_5 -- -j4 -l4
[0.191s] [35m[1mConsolidate compiler generated dependencies of target ros2_control_demo_example_5[0m
[0.289s] [100%] Built target ros2_control_demo_example_5
[0.331s] Invoked command in '/home/erdem/control_ws/build/ros2_control_demo_example_5' returned '0': AMENT_PREFIX_PATH=/home/erdem/control_ws/install/ros2_control_demo_description:${AMENT_PREFIX_PATH} CMAKE_PREFIX_PATH=/home/erdem/control_ws/install/ros2_control_demo_description:/opt/ros/humble /usr/bin/cmake --build /home/erdem/control_ws/build/ros2_control_demo_example_5 -- -j4 -l4
[0.519s] Invoking command in '/home/erdem/control_ws/build/ros2_control_demo_example_5': AMENT_PREFIX_PATH=/home/erdem/control_ws/install/ros2_control_demo_description:${AMENT_PREFIX_PATH} CMAKE_PREFIX_PATH=/home/erdem/control_ws/install/ros2_control_demo_description:/opt/ros/humble /usr/bin/cmake --install /home/erdem/control_ws/build/ros2_control_demo_example_5
[0.544s] -- Install configuration: ""
[0.547s] -- Execute custom install script
[0.548s] -- Up-to-date symlink: /home/erdem/control_ws/install/ros2_control_demo_example_5/share/ros2_control_demo_example_5//ros2_control_demo_example_5.xml
[0.548s] -- Up-to-date symlink: /home/erdem/control_ws/install/ros2_control_demo_example_5/include/ros2_control_demo_example_5/ros2_control_demo_example_5/external_rrbot_force_torque_sensor.hpp
[0.548s] -- Up-to-date symlink: /home/erdem/control_ws/install/ros2_control_demo_example_5/include/ros2_control_demo_example_5/ros2_control_demo_example_5/rrbot.hpp
[0.548s] -- Up-to-date symlink: /home/erdem/control_ws/install/ros2_control_demo_example_5/include/ros2_control_demo_example_5/ros2_control_demo_example_5/visibility_control.h
[0.548s] -- Up-to-date symlink: /home/erdem/control_ws/install/ros2_control_demo_example_5/share/ros2_control_demo_example_5/launch/view_robot.launch.py
[0.548s] -- Up-to-date symlink: /home/erdem/control_ws/install/ros2_control_demo_example_5/share/ros2_control_demo_example_5/ros2_control/external_rrbot_force_torque_sensor.ros2_control.xacro
[0.549s] -- Up-to-date symlink: /home/erdem/control_ws/install/ros2_control_demo_example_5/share/ros2_control_demo_example_5/ros2_control/rrbot_system_position_only.ros2_control.xacro
[0.549s] -- Up-to-date symlink: /home/erdem/control_ws/install/ros2_control_demo_example_5/share/ros2_control_demo_example_5/urdf/rrbot_system_with_external_sensor.urdf.xacro
[0.549s] -- Up-to-date symlink: /home/erdem/control_ws/install/ros2_control_demo_example_5/share/ros2_control_demo_example_5/rviz/rrbot.rviz
[0.549s] -- Up-to-date symlink: /home/erdem/control_ws/install/ros2_control_demo_example_5/share/ros2_control_demo_example_5/launch/rrbot_system_with_external_sensor.launch.py
[0.549s] -- Up-to-date symlink: /home/erdem/control_ws/install/ros2_control_demo_example_5/share/ros2_control_demo_example_5/launch/test_forward_position_controller.launch.py
[0.549s] -- Up-to-date symlink: /home/erdem/control_ws/install/ros2_control_demo_example_5/share/ros2_control_demo_example_5/config/rrbot_forward_position_publisher.yaml
[0.550s] -- Up-to-date symlink: /home/erdem/control_ws/install/ros2_control_demo_example_5/share/ros2_control_demo_example_5/config/rrbot_with_external_sensor_controllers.yaml
[0.550s] -- Up-to-date symlink: /home/erdem/control_ws/install/ros2_control_demo_example_5/share/ros2_control_demo_example_5/environment/library_path.sh
[0.550s] -- Up-to-date symlink: /home/erdem/control_ws/install/ros2_control_demo_example_5/share/ros2_control_demo_example_5/environment/library_path.dsv
[0.551s] -- Up-to-date symlink: /home/erdem/control_ws/install/ros2_control_demo_example_5/share/ament_index/resource_index/package_run_dependencies/ros2_control_demo_example_5
[0.551s] -- Up-to-date symlink: /home/erdem/control_ws/install/ros2_control_demo_example_5/share/ament_index/resource_index/parent_prefix_path/ros2_control_demo_example_5
[0.551s] -- Up-to-date symlink: /home/erdem/control_ws/install/ros2_control_demo_example_5/share/ros2_control_demo_example_5/environment/ament_prefix_path.sh
[0.552s] -- Up-to-date symlink: /home/erdem/control_ws/install/ros2_control_demo_example_5/share/ros2_control_demo_example_5/environment/ament_prefix_path.dsv
[0.552s] -- Up-to-date symlink: /home/erdem/control_ws/install/ros2_control_demo_example_5/share/ros2_control_demo_example_5/environment/path.sh
[0.552s] -- Up-to-date symlink: /home/erdem/control_ws/install/ros2_control_demo_example_5/share/ros2_control_demo_example_5/environment/path.dsv
[0.552s] -- Up-to-date symlink: /home/erdem/control_ws/install/ros2_control_demo_example_5/share/ros2_control_demo_example_5/local_setup.bash
[0.553s] -- Up-to-date symlink: /home/erdem/control_ws/install/ros2_control_demo_example_5/share/ros2_control_demo_example_5/local_setup.sh
[0.553s] -- Up-to-date symlink: /home/erdem/control_ws/install/ros2_control_demo_example_5/share/ros2_control_demo_example_5/local_setup.zsh
[0.553s] -- Up-to-date symlink: /home/erdem/control_ws/install/ros2_control_demo_example_5/share/ros2_control_demo_example_5/local_setup.dsv
[0.554s] -- Symlinking: /home/erdem/control_ws/install/ros2_control_demo_example_5/share/ros2_control_demo_example_5/package.dsv
[0.570s] -- Up-to-date symlink: /home/erdem/control_ws/install/ros2_control_demo_example_5/share/ament_index/resource_index/packages/ros2_control_demo_example_5
[0.570s] -- Up-to-date symlink: /home/erdem/control_ws/install/ros2_control_demo_example_5/share/ament_index/resource_index/hardware_interface__pluginlib__plugin/ros2_control_demo_example_5
[0.570s] -- Up-to-date symlink: /home/erdem/control_ws/install/ros2_control_demo_example_5/share/ros2_control_demo_example_5/cmake/ament_cmake_export_targets-extras.cmake
[0.570s] -- Up-to-date symlink: /home/erdem/control_ws/install/ros2_control_demo_example_5/share/ros2_control_demo_example_5/cmake/ament_cmake_export_dependencies-extras.cmake
[0.571s] -- Up-to-date symlink: /home/erdem/control_ws/install/ros2_control_demo_example_5/share/ros2_control_demo_example_5/cmake/ros2_control_demo_example_5Config.cmake
[0.572s] -- Up-to-date symlink: /home/erdem/control_ws/install/ros2_control_demo_example_5/share/ros2_control_demo_example_5/cmake/ros2_control_demo_example_5Config-version.cmake
[0.573s] -- Up-to-date symlink: /home/erdem/control_ws/install/ros2_control_demo_example_5/share/ros2_control_demo_example_5/package.xml
[0.573s] -- Up-to-date: /home/erdem/control_ws/install/ros2_control_demo_example_5/lib/libros2_control_demo_example_5.so
[0.574s] -- Up-to-date: /home/erdem/control_ws/install/ros2_control_demo_example_5/share/ros2_control_demo_example_5/cmake/export_ros2_control_demo_example_5Export.cmake
[0.574s] -- Up-to-date: /home/erdem/control_ws/install/ros2_control_demo_example_5/share/ros2_control_demo_example_5/cmake/export_ros2_control_demo_example_5Export-noconfig.cmake
[0.629s] Invoked command in '/home/erdem/control_ws/build/ros2_control_demo_example_5' returned '0': AMENT_PREFIX_PATH=/home/erdem/control_ws/install/ros2_control_demo_description:${AMENT_PREFIX_PATH} CMAKE_PREFIX_PATH=/home/erdem/control_ws/install/ros2_control_demo_description:/opt/ros/humble /usr/bin/cmake --install /home/erdem/control_ws/build/ros2_control_demo_example_5
