[0.044s] Invoking command in '/home/erdem/control_ws/build/ros2_control_demo_example_1': CMAKE_PREFIX_PATH=/home/erdem/control_ws/install/ros2_control_demo_description:/home/erdem/control_ws/install/ros2_control_demos:/home/erdem/control_ws/install/ros2_control_demo_example_9:/home/erdem/control_ws/install/ros2_control_demo_example_8:/home/erdem/control_ws/install/ros2_control_demo_example_7:/home/erdem/control_ws/install/ros2_control_demo_example_6:/home/erdem/control_ws/install/ros2_control_demo_example_5:/home/erdem/control_ws/install/ros2_control_demo_example_4:/home/erdem/control_ws/install/ros2_control_demo_example_3:/home/erdem/control_ws/install/ros2_control_demo_example_2:/home/erdem/control_ws/install/ros2_control_demo_example_1:/opt/ros/humble /usr/bin/cmake --build /home/erdem/control_ws/build/ros2_control_demo_example_1 -- -j4 -l4
[0.187s] [100%] Built target ros2_control_demo_example_1
[0.225s] Invoked command in '/home/erdem/control_ws/build/ros2_control_demo_example_1' returned '0': CMAKE_PREFIX_PATH=/home/erdem/control_ws/install/ros2_control_demo_description:/home/erdem/control_ws/install/ros2_control_demos:/home/erdem/control_ws/install/ros2_control_demo_example_9:/home/erdem/control_ws/install/ros2_control_demo_example_8:/home/erdem/control_ws/install/ros2_control_demo_example_7:/home/erdem/control_ws/install/ros2_control_demo_example_6:/home/erdem/control_ws/install/ros2_control_demo_example_5:/home/erdem/control_ws/install/ros2_control_demo_example_4:/home/erdem/control_ws/install/ros2_control_demo_example_3:/home/erdem/control_ws/install/ros2_control_demo_example_2:/home/erdem/control_ws/install/ros2_control_demo_example_1:/opt/ros/humble /usr/bin/cmake --build /home/erdem/control_ws/build/ros2_control_demo_example_1 -- -j4 -l4
[0.318s] Invoking command in '/home/erdem/control_ws/build/ros2_control_demo_example_1': CMAKE_PREFIX_PATH=/home/erdem/control_ws/install/ros2_control_demo_description:/home/erdem/control_ws/install/ros2_control_demos:/home/erdem/control_ws/install/ros2_control_demo_example_9:/home/erdem/control_ws/install/ros2_control_demo_example_8:/home/erdem/control_ws/install/ros2_control_demo_example_7:/home/erdem/control_ws/install/ros2_control_demo_example_6:/home/erdem/control_ws/install/ros2_control_demo_example_5:/home/erdem/control_ws/install/ros2_control_demo_example_4:/home/erdem/control_ws/install/ros2_control_demo_example_3:/home/erdem/control_ws/install/ros2_control_demo_example_2:/home/erdem/control_ws/install/ros2_control_demo_example_1:/opt/ros/humble /usr/bin/cmake --install /home/erdem/control_ws/build/ros2_control_demo_example_1
[0.342s] -- Install configuration: ""
[0.344s] -- Execute custom install script
[0.346s] -- Up-to-date symlink: /home/erdem/control_ws/install/ros2_control_demo_example_1/share/ros2_control_demo_example_1//ros2_control_demo_example_1.xml
[0.346s] -- Up-to-date symlink: /home/erdem/control_ws/install/ros2_control_demo_example_1/include/ros2_control_demo_example_1/ros2_control_demo_example_1/rrbot.hpp
[0.346s] -- Up-to-date symlink: /home/erdem/control_ws/install/ros2_control_demo_example_1/include/ros2_control_demo_example_1/ros2_control_demo_example_1/visibility_control.h
[0.346s] -- Up-to-date symlink: /home/erdem/control_ws/install/ros2_control_demo_example_1/share/ros2_control_demo_example_1/launch/view_robot.launch.py
[0.346s] -- Up-to-date symlink: /home/erdem/control_ws/install/ros2_control_demo_example_1/share/ros2_control_demo_example_1/ros2_control/rrbot.ros2_control.xacro
[0.347s] -- Up-to-date symlink: /home/erdem/control_ws/install/ros2_control_demo_example_1/share/ros2_control_demo_example_1/urdf/rrbot.urdf.xacro
[0.347s] -- Up-to-date symlink: /home/erdem/control_ws/install/ros2_control_demo_example_1/share/ros2_control_demo_example_1/launch/rrbot.launch.py
[0.347s] -- Up-to-date symlink: /home/erdem/control_ws/install/ros2_control_demo_example_1/share/ros2_control_demo_example_1/launch/test_forward_position_controller.launch.py
[0.347s] -- Up-to-date symlink: /home/erdem/control_ws/install/ros2_control_demo_example_1/share/ros2_control_demo_example_1/launch/test_joint_trajectory_controller.launch.py
[0.348s] -- Up-to-date symlink: /home/erdem/control_ws/install/ros2_control_demo_example_1/share/ros2_control_demo_example_1/config/rrbot_controllers.yaml
[0.358s] -- Up-to-date symlink: /home/erdem/control_ws/install/ros2_control_demo_example_1/share/ros2_control_demo_example_1/config/rrbot_forward_position_publisher.yaml
[0.358s] -- Up-to-date symlink: /home/erdem/control_ws/install/ros2_control_demo_example_1/share/ros2_control_demo_example_1/config/rrbot_joint_trajectory_publisher.yaml
[0.359s] -- Up-to-date symlink: /home/erdem/control_ws/install/ros2_control_demo_example_1/share/ros2_control_demo_example_1/environment/library_path.sh
[0.359s] -- Up-to-date symlink: /home/erdem/control_ws/install/ros2_control_demo_example_1/share/ros2_control_demo_example_1/environment/library_path.dsv
[0.360s] -- Up-to-date symlink: /home/erdem/control_ws/install/ros2_control_demo_example_1/share/ament_index/resource_index/package_run_dependencies/ros2_control_demo_example_1
[0.360s] -- Up-to-date symlink: /home/erdem/control_ws/install/ros2_control_demo_example_1/share/ament_index/resource_index/parent_prefix_path/ros2_control_demo_example_1
[0.360s] -- Up-to-date symlink: /home/erdem/control_ws/install/ros2_control_demo_example_1/share/ros2_control_demo_example_1/environment/ament_prefix_path.sh
[0.361s] -- Up-to-date symlink: /home/erdem/control_ws/install/ros2_control_demo_example_1/share/ros2_control_demo_example_1/environment/ament_prefix_path.dsv
[0.361s] -- Up-to-date symlink: /home/erdem/control_ws/install/ros2_control_demo_example_1/share/ros2_control_demo_example_1/environment/path.sh
[0.361s] -- Up-to-date symlink: /home/erdem/control_ws/install/ros2_control_demo_example_1/share/ros2_control_demo_example_1/environment/path.dsv
[0.361s] -- Up-to-date symlink: /home/erdem/control_ws/install/ros2_control_demo_example_1/share/ros2_control_demo_example_1/local_setup.bash
[0.362s] -- Up-to-date symlink: /home/erdem/control_ws/install/ros2_control_demo_example_1/share/ros2_control_demo_example_1/local_setup.sh
[0.362s] -- Up-to-date symlink: /home/erdem/control_ws/install/ros2_control_demo_example_1/share/ros2_control_demo_example_1/local_setup.zsh
[0.362s] -- Up-to-date symlink: /home/erdem/control_ws/install/ros2_control_demo_example_1/share/ros2_control_demo_example_1/local_setup.dsv
[0.374s] -- Symlinking: /home/erdem/control_ws/install/ros2_control_demo_example_1/share/ros2_control_demo_example_1/package.dsv
[0.393s] -- Up-to-date symlink: /home/erdem/control_ws/install/ros2_control_demo_example_1/share/ament_index/resource_index/packages/ros2_control_demo_example_1
[0.393s] -- Up-to-date symlink: /home/erdem/control_ws/install/ros2_control_demo_example_1/share/ament_index/resource_index/hardware_interface__pluginlib__plugin/ros2_control_demo_example_1
[0.393s] -- Up-to-date symlink: /home/erdem/control_ws/install/ros2_control_demo_example_1/share/ros2_control_demo_example_1/cmake/ament_cmake_export_targets-extras.cmake
[0.393s] -- Up-to-date symlink: /home/erdem/control_ws/install/ros2_control_demo_example_1/share/ros2_control_demo_example_1/cmake/ament_cmake_export_dependencies-extras.cmake
[0.394s] -- Up-to-date symlink: /home/erdem/control_ws/install/ros2_control_demo_example_1/share/ros2_control_demo_example_1/cmake/ros2_control_demo_example_1Config.cmake
[0.394s] -- Up-to-date symlink: /home/erdem/control_ws/install/ros2_control_demo_example_1/share/ros2_control_demo_example_1/cmake/ros2_control_demo_example_1Config-version.cmake
[0.394s] -- Up-to-date symlink: /home/erdem/control_ws/install/ros2_control_demo_example_1/share/ros2_control_demo_example_1/package.xml
[0.394s] -- Up-to-date: /home/erdem/control_ws/install/ros2_control_demo_example_1/lib/libros2_control_demo_example_1.so
[0.394s] -- Up-to-date: /home/erdem/control_ws/install/ros2_control_demo_example_1/share/ros2_control_demo_example_1/cmake/export_ros2_control_demo_example_1Export.cmake
[0.394s] -- Up-to-date: /home/erdem/control_ws/install/ros2_control_demo_example_1/share/ros2_control_demo_example_1/cmake/export_ros2_control_demo_example_1Export-noconfig.cmake
[0.410s] Invoked command in '/home/erdem/control_ws/build/ros2_control_demo_example_1' returned '0': CMAKE_PREFIX_PATH=/home/erdem/control_ws/install/ros2_control_demo_description:/home/erdem/control_ws/install/ros2_control_demos:/home/erdem/control_ws/install/ros2_control_demo_example_9:/home/erdem/control_ws/install/ros2_control_demo_example_8:/home/erdem/control_ws/install/ros2_control_demo_example_7:/home/erdem/control_ws/install/ros2_control_demo_example_6:/home/erdem/control_ws/install/ros2_control_demo_example_5:/home/erdem/control_ws/install/ros2_control_demo_example_4:/home/erdem/control_ws/install/ros2_control_demo_example_3:/home/erdem/control_ws/install/ros2_control_demo_example_2:/home/erdem/control_ws/install/ros2_control_demo_example_1:/opt/ros/humble /usr/bin/cmake --install /home/erdem/control_ws/build/ros2_control_demo_example_1
