[0.033s] Invoking command in '/home/erdem/control_ws/build/ros2_control_demo_example_8': AMENT_PREFIX_PATH=/home/erdem/control_ws/install/ros2_control_demo_description:${AMENT_PREFIX_PATH} CMAKE_PREFIX_PATH=/home/erdem/control_ws/install/ros2_control_demo_description:/opt/ros/humble /usr/bin/cmake --build /home/erdem/control_ws/build/ros2_control_demo_example_8 -- -j4 -l4
[0.105s] [35m[1mConsolidate compiler generated dependencies of target ros2_control_demo_example_8[0m
[0.135s] [100%] Built target ros2_control_demo_example_8
[0.155s] Invoked command in '/home/erdem/control_ws/build/ros2_control_demo_example_8' returned '0': AMENT_PREFIX_PATH=/home/erdem/control_ws/install/ros2_control_demo_description:${AMENT_PREFIX_PATH} CMAKE_PREFIX_PATH=/home/erdem/control_ws/install/ros2_control_demo_description:/opt/ros/humble /usr/bin/cmake --build /home/erdem/control_ws/build/ros2_control_demo_example_8 -- -j4 -l4
[0.259s] Invoking command in '/home/erdem/control_ws/build/ros2_control_demo_example_8': AMENT_PREFIX_PATH=/home/erdem/control_ws/install/ros2_control_demo_description:${AMENT_PREFIX_PATH} CMAKE_PREFIX_PATH=/home/erdem/control_ws/install/ros2_control_demo_description:/opt/ros/humble /usr/bin/cmake --install /home/erdem/control_ws/build/ros2_control_demo_example_8
[0.275s] -- Install configuration: ""
[0.275s] -- Execute custom install script
[0.275s] -- Up-to-date symlink: /home/erdem/control_ws/install/ros2_control_demo_example_8/share/ros2_control_demo_example_8//ros2_control_demo_example_8.xml
[0.275s] -- Up-to-date symlink: /home/erdem/control_ws/install/ros2_control_demo_example_8/include/ros2_control_demo_example_8/ros2_control_demo_example_8/rrbot.hpp
[0.276s] -- Up-to-date symlink: /home/erdem/control_ws/install/ros2_control_demo_example_8/include/ros2_control_demo_example_8/ros2_control_demo_example_8/rrbot_transmissions_system_position_only.hpp
[0.276s] -- Up-to-date symlink: /home/erdem/control_ws/install/ros2_control_demo_example_8/include/ros2_control_demo_example_8/ros2_control_demo_example_8/visibility_control.h
[0.276s] -- Up-to-date symlink: /home/erdem/control_ws/install/ros2_control_demo_example_8/share/ros2_control_demo_example_8/launch/view_robot.launch.py
[0.276s] -- Up-to-date symlink: /home/erdem/control_ws/install/ros2_control_demo_example_8/share/ros2_control_demo_example_8/ros2_control/rrbot_transmissions_system_position_only.ros2_control.xacro
[0.279s] -- Up-to-date symlink: /home/erdem/control_ws/install/ros2_control_demo_example_8/share/ros2_control_demo_example_8/urdf/rrbot_transmissions_system_position_only.urdf.xacro
[0.279s] -- Up-to-date symlink: /home/erdem/control_ws/install/ros2_control_demo_example_8/share/ros2_control_demo_example_8/launch/rrbot_transmissions_system_position_only.launch.py
[0.279s] -- Up-to-date symlink: /home/erdem/control_ws/install/ros2_control_demo_example_8/share/ros2_control_demo_example_8/launch/test_forward_position_controller.launch.py
[0.279s] -- Up-to-date symlink: /home/erdem/control_ws/install/ros2_control_demo_example_8/share/ros2_control_demo_example_8/config/rrbot_controllers.yaml
[0.279s] -- Up-to-date symlink: /home/erdem/control_ws/install/ros2_control_demo_example_8/share/ros2_control_demo_example_8/config/rrbot_forward_position_publisher.yaml
[0.280s] -- Up-to-date symlink: /home/erdem/control_ws/install/ros2_control_demo_example_8/share/ros2_control_demo_example_8/environment/library_path.sh
[0.280s] -- Up-to-date symlink: /home/erdem/control_ws/install/ros2_control_demo_example_8/share/ros2_control_demo_example_8/environment/library_path.dsv
[0.293s] -- Up-to-date symlink: /home/erdem/control_ws/install/ros2_control_demo_example_8/share/ament_index/resource_index/package_run_dependencies/ros2_control_demo_example_8
[0.293s] -- Up-to-date symlink: /home/erdem/control_ws/install/ros2_control_demo_example_8/share/ament_index/resource_index/parent_prefix_path/ros2_control_demo_example_8
[0.293s] -- Up-to-date symlink: /home/erdem/control_ws/install/ros2_control_demo_example_8/share/ros2_control_demo_example_8/environment/ament_prefix_path.sh
[0.293s] -- Up-to-date symlink: /home/erdem/control_ws/install/ros2_control_demo_example_8/share/ros2_control_demo_example_8/environment/ament_prefix_path.dsv
[0.294s] -- Up-to-date symlink: /home/erdem/control_ws/install/ros2_control_demo_example_8/share/ros2_control_demo_example_8/environment/path.sh
[0.294s] -- Up-to-date symlink: /home/erdem/control_ws/install/ros2_control_demo_example_8/share/ros2_control_demo_example_8/environment/path.dsv
[0.294s] -- Up-to-date symlink: /home/erdem/control_ws/install/ros2_control_demo_example_8/share/ros2_control_demo_example_8/local_setup.bash
[0.294s] -- Up-to-date symlink: /home/erdem/control_ws/install/ros2_control_demo_example_8/share/ros2_control_demo_example_8/local_setup.sh
[0.294s] -- Up-to-date symlink: /home/erdem/control_ws/install/ros2_control_demo_example_8/share/ros2_control_demo_example_8/local_setup.zsh
[0.294s] -- Up-to-date symlink: /home/erdem/control_ws/install/ros2_control_demo_example_8/share/ros2_control_demo_example_8/local_setup.dsv
[0.294s] -- Symlinking: /home/erdem/control_ws/install/ros2_control_demo_example_8/share/ros2_control_demo_example_8/package.dsv
[0.301s] -- Up-to-date symlink: /home/erdem/control_ws/install/ros2_control_demo_example_8/share/ament_index/resource_index/packages/ros2_control_demo_example_8
[0.305s] -- Up-to-date symlink: /home/erdem/control_ws/install/ros2_control_demo_example_8/share/ament_index/resource_index/hardware_interface__pluginlib__plugin/ros2_control_demo_example_8
[0.305s] -- Up-to-date symlink: /home/erdem/control_ws/install/ros2_control_demo_example_8/share/ros2_control_demo_example_8/cmake/ament_cmake_export_targets-extras.cmake
[0.306s] -- Up-to-date symlink: /home/erdem/control_ws/install/ros2_control_demo_example_8/share/ros2_control_demo_example_8/cmake/ament_cmake_export_dependencies-extras.cmake
[0.306s] -- Up-to-date symlink: /home/erdem/control_ws/install/ros2_control_demo_example_8/share/ros2_control_demo_example_8/cmake/ros2_control_demo_example_8Config.cmake
[0.306s] -- Up-to-date symlink: /home/erdem/control_ws/install/ros2_control_demo_example_8/share/ros2_control_demo_example_8/cmake/ros2_control_demo_example_8Config-version.cmake
[0.306s] -- Up-to-date symlink: /home/erdem/control_ws/install/ros2_control_demo_example_8/share/ros2_control_demo_example_8/package.xml
[0.306s] -- Up-to-date: /home/erdem/control_ws/install/ros2_control_demo_example_8/lib/libros2_control_demo_example_8.so
[0.306s] -- Up-to-date: /home/erdem/control_ws/install/ros2_control_demo_example_8/share/ros2_control_demo_example_8/cmake/export_ros2_control_demo_example_8Export.cmake
[0.307s] -- Up-to-date: /home/erdem/control_ws/install/ros2_control_demo_example_8/share/ros2_control_demo_example_8/cmake/export_ros2_control_demo_example_8Export-noconfig.cmake
[0.313s] Invoked command in '/home/erdem/control_ws/build/ros2_control_demo_example_8' returned '0': AMENT_PREFIX_PATH=/home/erdem/control_ws/install/ros2_control_demo_description:${AMENT_PREFIX_PATH} CMAKE_PREFIX_PATH=/home/erdem/control_ws/install/ros2_control_demo_description:/opt/ros/humble /usr/bin/cmake --install /home/erdem/control_ws/build/ros2_control_demo_example_8
